==================================================
K6 Test Execution Detailed Log
==================================================
Test Name:    morningBiometricAttendance
Module:       attendance_leave_management
File:         /k6/modules/attendance_leave_management/morningBiometricAttendance.js
Start Time:   Wed Dec 31 07:37:20 UTC 2025
Log File:     /k6/logs/attendance_leave_management_morningBiometricAttendance_20251231_073720.log
Execution:    1 of 2
Configuration: /k6/test-config.json
==================================================

=== K6 Output ===


         /\      Grafana   /‾‾/  
    /\  /  \     |\  __   /  /   
   /  \/    \    | |/ /  /   ‾‾\ 
  /          \   |   (  |  (‾)  |
 / __________ \  |_|\_\  \_____/ 

     execution: local
        script: /k6/modules/attendance_leave_management/morningBiometricAttendance.js
        output: -

     scenarios: (100.00%) 1 scenario, 98 max VUs, 5m30s max duration (incl. graceful stop):
              * morning_attendance: 1 iterations for each of 98 VUs (maxDuration: 5m0s, gracefulStop: 30s)

time="2025-12-31T07:37:21Z" level=info msg="VU 70: Submitting biometric attendance for employee 0 at 2025-12-31T08:48:00.000Z" source=console
time="2025-12-31T07:37:21Z" level=info msg="VU 19: Submitting biometric attendance for employee 0 at 2025-12-31T08:49:00.000Z" source=console
time="2025-12-31T07:37:21Z" level=info msg="VU 64: Submitting biometric attendance for employee 0 at 2025-12-31T08:54:00.000Z" source=console
time="2025-12-31T07:37:21Z" level=info msg="VU 48: Submitting biometric attendance for employee 0 at 2025-12-31T09:03:00.000Z" source=console
time="2025-12-31T07:37:21Z" level=info msg="VU 56: Submitting biometric attendance for employee 0 at 2025-12-31T09:05:00.000Z" source=console
time="2025-12-31T07:37:21Z" level=info msg="VU 73: Submitting biometric attendance for employee 0 at 2025-12-31T08:50:00.000Z" source=console

running (0m00.9s), 98/98 VUs, 0 complete and 0 interrupted iterations
morning_attendance   [   0% ] 98 VUs  0m00.9s/5m0s  00/98 iters, 1 per VU
time="2025-12-31T07:37:22Z" level=info msg="VU 96: Submitting biometric attendance for employee 0 at 2025-12-31T09:00:00.000Z" source=console
time="2025-12-31T07:37:22Z" level=info msg="VU 37: Submitting biometric attendance for employee 0 at 2025-12-31T08:59:00.000Z" source=console
time="2025-12-31T07:37:22Z" level=info msg="VU 89: Submitting biometric attendance for employee 0 at 2025-12-31T08:54:00.000Z" source=console
time="2025-12-31T07:37:22Z" level=info msg="VU 79: Submitting biometric attendance for employee 0 at 2025-12-31T08:50:00.000Z" source=console
time="2025-12-31T07:37:22Z" level=info msg="VU 44: Submitting biometric attendance for employee 0 at 2025-12-31T09:05:00.000Z" source=console
time="2025-12-31T07:37:22Z" level=info msg="VU 23: Submitting biometric attendance for employee 0 at 2025-12-31T08:45:00.000Z" source=console
time="2025-12-31T07:37:22Z" level=info msg="VU 17: Submitting biometric attendance for employee 0 at 2025-12-31T09:00:00.000Z" source=console
time="2025-12-31T07:37:22Z" level=info msg="VU 36: Submitting biometric attendance for employee 0 at 2025-12-31T09:10:00.000Z" source=console
time="2025-12-31T07:37:22Z" level=info msg="VU 11: Submitting biometric attendance for employee 0 at 2025-12-31T08:54:00.000Z" source=console
time="2025-12-31T07:37:22Z" level=info msg="VU 21: Submitting biometric attendance for employee 0 at 2025-12-31T08:49:00.000Z" source=console
time="2025-12-31T07:37:22Z" level=info msg="VU 65: Submitting biometric attendance for employee 0 at 2025-12-31T08:46:00.000Z" source=console
time="2025-12-31T07:37:22Z" level=info msg="VU 30: Submitting biometric attendance for employee 0 at 2025-12-31T08:52:00.000Z" source=console
time="2025-12-31T07:37:23Z" level=info msg="VU 90: Submitting biometric attendance for employee 0 at 2025-12-31T09:15:00.000Z" source=console

running (0m01.9s), 98/98 VUs, 0 complete and 0 interrupted iterations
morning_attendance   [   0% ] 98 VUs  0m01.9s/5m0s  00/98 iters, 1 per VU
time="2025-12-31T07:37:23Z" level=info msg="VU 60: Submitting biometric attendance for employee 0 at 2025-12-31T09:10:00.000Z" source=console
time="2025-12-31T07:37:23Z" level=info msg="VU 62: Submitting biometric attendance for employee 0 at 2025-12-31T08:58:00.000Z" source=console
time="2025-12-31T07:37:23Z" level=info msg="VU 18: Submitting biometric attendance for employee 0 at 2025-12-31T09:07:00.000Z" source=console
time="2025-12-31T07:37:23Z" level=info msg="VU 52: Submitting biometric attendance for employee 0 at 2025-12-31T08:49:00.000Z" source=console
time="2025-12-31T07:37:23Z" level=info msg="VU 58: Submitting biometric attendance for employee 0 at 2025-12-31T09:00:00.000Z" source=console
time="2025-12-31T07:37:23Z" level=info msg="VU 55: Submitting biometric attendance for employee 0 at 2025-12-31T09:01:00.000Z" source=console
time="2025-12-31T07:37:23Z" level=info msg="VU 32: Submitting biometric attendance for employee 0 at 2025-12-31T08:52:00.000Z" source=console
time="2025-12-31T07:37:23Z" level=info msg="VU 38: Submitting biometric attendance for employee 0 at 2025-12-31T08:55:00.000Z" source=console
time="2025-12-31T07:37:23Z" level=info msg="VU 6: Submitting biometric attendance for employee 0 at 2025-12-31T08:45:00.000Z" source=console
time="2025-12-31T07:37:23Z" level=info msg="VU 97: Submitting biometric attendance for employee 0 at 2025-12-31T08:56:00.000Z" source=console
time="2025-12-31T07:37:23Z" level=info msg="VU 13: Submitting biometric attendance for employee 0 at 2025-12-31T09:01:00.000Z" source=console
time="2025-12-31T07:37:23Z" level=info msg="VU 41: Submitting biometric attendance for employee 0 at 2025-12-31T08:49:00.000Z" source=console
time="2025-12-31T07:37:23Z" level=info msg="VU 42: Submitting biometric attendance for employee 0 at 2025-12-31T08:53:00.000Z" source=console
time="2025-12-31T07:37:23Z" level=info msg="VU 51: Submitting biometric attendance for employee 0 at 2025-12-31T09:08:00.000Z" source=console
time="2025-12-31T07:37:24Z" level=info msg="VU 91: Submitting biometric attendance for employee 0 at 2025-12-31T09:02:00.000Z" source=console

running (0m02.9s), 98/98 VUs, 0 complete and 0 interrupted iterations
morning_attendance   [   0% ] 98 VUs  0m02.9s/5m0s  00/98 iters, 1 per VU
time="2025-12-31T07:37:24Z" level=info msg="VU 61: Submitting biometric attendance for employee 0 at 2025-12-31T09:04:00.000Z" source=console
time="2025-12-31T07:37:24Z" level=info msg="VU 83: Submitting biometric attendance for employee 0 at 2025-12-31T09:05:00.000Z" source=console
time="2025-12-31T07:37:24Z" level=info msg="VU 85: Submitting biometric attendance for employee 0 at 2025-12-31T08:54:00.000Z" source=console
time="2025-12-31T07:37:24Z" level=info msg="VU 28: Submitting biometric attendance for employee 0 at 2025-12-31T08:52:00.000Z" source=console
time="2025-12-31T07:37:24Z" level=info msg="VU 50: Submitting biometric attendance for employee 0 at 2025-12-31T08:52:00.000Z" source=console
time="2025-12-31T07:37:24Z" level=info msg="VU 72: Submitting biometric attendance for employee 0 at 2025-12-31T09:13:00.000Z" source=console
time="2025-12-31T07:37:24Z" level=info msg="VU 47: Submitting biometric attendance for employee 0 at 2025-12-31T09:13:00.000Z" source=console
time="2025-12-31T07:37:24Z" level=info msg="VU 59: Submitting biometric attendance for employee 0 at 2025-12-31T08:54:00.000Z" source=console
time="2025-12-31T07:37:24Z" level=info msg="VU 98: Submitting biometric attendance for employee 0 at 2025-12-31T09:05:00.000Z" source=console
time="2025-12-31T07:37:24Z" level=info msg="VU 43: Submitting biometric attendance for employee 0 at 2025-12-31T09:14:00.000Z" source=console
time="2025-12-31T07:37:24Z" level=info msg="VU 26: Submitting biometric attendance for employee 0 at 2025-12-31T08:49:00.000Z" source=console
time="2025-12-31T07:37:24Z" level=info msg="VU 67: Submitting biometric attendance for employee 0 at 2025-12-31T09:07:00.000Z" source=console
time="2025-12-31T07:37:25Z" level=info msg="VU 78: Submitting biometric attendance for employee 0 at 2025-12-31T09:08:00.000Z" source=console
time="2025-12-31T07:37:25Z" level=info msg="VU 82: Submitting biometric attendance for employee 0 at 2025-12-31T08:58:00.000Z" source=console
time="2025-12-31T07:37:25Z" level=info msg="VU 80: Submitting biometric attendance for employee 0 at 2025-12-31T09:02:00.000Z" source=console
time="2025-12-31T07:37:25Z" level=info msg="VU 81: Submitting biometric attendance for employee 0 at 2025-12-31T09:08:00.000Z" source=console

running (0m03.9s), 98/98 VUs, 0 complete and 0 interrupted iterations
morning_attendance   [   0% ] 98 VUs  0m03.9s/5m0s  00/98 iters, 1 per VU
time="2025-12-31T07:37:25Z" level=info msg="VU 12: Submitting biometric attendance for employee 0 at 2025-12-31T09:01:00.000Z" source=console
time="2025-12-31T07:37:25Z" level=error msg="{\"ts\":\"2025-12-31T07:37:25.658Z\",\"type\":\"BIOMETRIC_ATTENDANCE_FAILED\",\"vu\":70,\"iteration\":0,\"endpoint\":\"/v1/attendance-management/biometric/create\",\"status\":500,\"payload\":{\"employee_fid\":0,\"device_user_id\":\"0\",\"date\":\"2025-12-31T08:48:00.000Z\",\"hours\":8,\"minutes\":10,\"in_out_flag\":\"IN\",\"hardware_type\":\"BIOMETRIC\",\"is_lock\":false,\"seconds\":0,\"milliseconds\":0},\"response\":\"{\\\"status\\\":false,\\\"message\\\":\\\"Something went wrong while creating biometric log\\\",\\\"error\\\":\\\"Cannot read properties of null (reading 'id')\\\"}\",\"duration_ms\":3804.849644}" source=console
time="2025-12-31T07:37:25Z" level=info msg="VU 20: Submitting biometric attendance for employee 0 at 2025-12-31T08:57:00.000Z" source=console
time="2025-12-31T07:37:25Z" level=info msg="VU 4: Submitting biometric attendance for employee 0 at 2025-12-31T09:03:00.000Z" source=console
time="2025-12-31T07:37:25Z" level=error msg="{\"ts\":\"2025-12-31T07:37:25.738Z\",\"type\":\"BIOMETRIC_ATTENDANCE_FAILED\",\"vu\":19,\"iteration\":0,\"endpoint\":\"/v1/attendance-management/biometric/create\",\"status\":500,\"payload\":{\"employee_fid\":0,\"device_user_id\":\"0\",\"date\":\"2025-12-31T08:49:00.000Z\",\"hours\":8,\"minutes\":6,\"in_out_flag\":\"IN\",\"hardware_type\":\"BIOMETRIC\",\"is_lock\":false,\"seconds\":0,\"milliseconds\":0},\"response\":\"{\\\"status\\\":false,\\\"message\\\":\\\"Something went wrong while creating biometric log\\\",\\\"error\\\":\\\"Cannot read properties of null (reading 'id')\\\"}\",\"duration_ms\":3813.265774}" source=console
time="2025-12-31T07:37:25Z" level=info msg="VU 14: Submitting biometric attendance for employee 0 at 2025-12-31T08:48:00.000Z" source=console
time="2025-12-31T07:37:25Z" level=error msg="{\"ts\":\"2025-12-31T07:37:25.815Z\",\"type\":\"BIOMETRIC_ATTENDANCE_FAILED\",\"vu\":64,\"iteration\":0,\"endpoint\":\"/v1/attendance-management/biometric/create\",\"status\":500,\"payload\":{\"employee_fid\":0,\"device_user_id\":\"0\",\"date\":\"2025-12-31T08:54:00.000Z\",\"hours\":8,\"minutes\":55,\"in_out_flag\":\"IN\",\"hardware_type\":\"BIOMETRIC\",\"is_lock\":false,\"seconds\":0,\"milliseconds\":0},\"response\":\"{\\\"status\\\":false,\\\"message\\\":\\\"Something went wrong while creating biometric log\\\",\\\"error\\\":\\\"Cannot read properties of null (reading 'id')\\\"}\",\"duration_ms\":3889.372749}" source=console
time="2025-12-31T07:37:25Z" level=info msg="VU 25: Submitting biometric attendance for employee 0 at 2025-12-31T09:02:00.000Z" source=console
time="2025-12-31T07:37:25Z" level=error msg="{\"ts\":\"2025-12-31T07:37:25.880Z\",\"type\":\"BIOMETRIC_ATTENDANCE_FAILED\",\"vu\":48,\"iteration\":0,\"endpoint\":\"/v1/attendance-management/biometric/create\",\"status\":500,\"payload\":{\"employee_fid\":0,\"device_user_id\":\"0\",\"date\":\"2025-12-31T09:03:00.000Z\",\"hours\":9,\"minutes\":21,\"in_out_flag\":\"IN\",\"hardware_type\":\"BIOMETRIC\",\"is_lock\":false,\"seconds\":0,\"milliseconds\":0},\"response\":\"{\\\"status\\\":false,\\\"message\\\":\\\"Something went wrong while creating biometric log\\\",\\\"error\\\":\\\"Cannot read properties of null (reading 'id')\\\"}\",\"duration_ms\":3892.329012}" source=console
time="2025-12-31T07:37:25Z" level=error msg="{\"ts\":\"2025-12-31T07:37:25.949Z\",\"type\":\"BIOMETRIC_ATTENDANCE_FAILED\",\"vu\":56,\"iteration\":0,\"endpoint\":\"/v1/attendance-management/biometric/create\",\"status\":500,\"payload\":{\"employee_fid\":0,\"device_user_id\":\"0\",\"date\":\"2025-12-31T09:05:00.000Z\",\"hours\":9,\"minutes\":45,\"in_out_flag\":\"IN\",\"hardware_type\":\"BIOMETRIC\",\"is_lock\":false,\"seconds\":0,\"milliseconds\":0},\"response\":\"{\\\"status\\\":false,\\\"message\\\":\\\"Something went wrong while creating biometric log\\\",\\\"error\\\":\\\"Cannot read properties of null (reading 'id')\\\"}\",\"duration_ms\":3961.629708}" source=console
time="2025-12-31T07:37:26Z" level=error msg="{\"ts\":\"2025-12-31T07:37:26.017Z\",\"type\":\"BIOMETRIC_ATTENDANCE_FAILED\",\"vu\":73,\"iteration\":0,\"endpoint\":\"/v1/attendance-management/biometric/create\",\"status\":500,\"payload\":{\"employee_fid\":0,\"device_user_id\":\"0\",\"date\":\"2025-12-31T08:50:00.000Z\",\"hours\":8,\"minutes\":35,\"in_out_flag\":\"IN\",\"hardware_type\":\"BIOMETRIC\",\"is_lock\":false,\"seconds\":0,\"milliseconds\":0},\"response\":\"{\\\"status\\\":false,\\\"message\\\":\\\"Something went wrong while creating biometric log\\\",\\\"error\\\":\\\"Cannot read properties of null (reading 'id')\\\"}\",\"duration_ms\":4029.968588}" source=console
time="2025-12-31T07:37:26Z" level=info msg="VU 95: Submitting biometric attendance for employee 0 at 2025-12-31T08:59:00.000Z" source=console
time="2025-12-31T07:37:26Z" level=info msg="VU 86: Submitting biometric attendance for employee 0 at 2025-12-31T08:54:00.000Z" source=console

running (0m05.0s), 92/98 VUs, 6 complete and 0 interrupted iterations
morning_attendance   [   6% ] 98 VUs  0m04.9s/5m0s  06/98 iters, 1 per VU
time="2025-12-31T07:37:26Z" level=error msg="{\"ts\":\"2025-12-31T07:37:26.153Z\",\"type\":\"BIOMETRIC_ATTENDANCE_FAILED\",\"vu\":96,\"iteration\":0,\"endpoint\":\"/v1/attendance-management/biometric/create\",\"status\":500,\"payload\":{\"employee_fid\":0,\"device_user_id\":\"0\",\"date\":\"2025-12-31T09:00:00.000Z\",\"hours\":9,\"minutes\":40,\"in_out_flag\":\"IN\",\"hardware_type\":\"BIOMETRIC\",\"is_lock\":false,\"seconds\":0,\"milliseconds\":0},\"response\":\"{\\\"status\\\":false,\\\"message\\\":\\\"Something went wrong while creating biometric log\\\",\\\"error\\\":\\\"Cannot read properties of null (reading 'id')\\\"}\",\"duration_ms\":4021.089651}" source=console
time="2025-12-31T07:37:26Z" level=info msg="VU 49: Submitting biometric attendance for employee 0 at 2025-12-31T09:04:00.000Z" source=console
time="2025-12-31T07:37:26Z" level=error msg="{\"ts\":\"2025-12-31T07:37:26.163Z\",\"type\":\"BIOMETRIC_ATTENDANCE_FAILED\",\"vu\":37,\"iteration\":0,\"endpoint\":\"/v1/attendance-management/biometric/create\",\"status\":500,\"payload\":{\"employee_fid\":0,\"device_user_id\":\"0\",\"date\":\"2025-12-31T08:59:00.000Z\",\"hours\":9,\"minutes\":6,\"in_out_flag\":\"IN\",\"hardware_type\":\"BIOMETRIC\",\"is_lock\":false,\"seconds\":0,\"milliseconds\":0},\"response\":\"{\\\"status\\\":false,\\\"message\\\":\\\"Something went wrong while creating biometric log\\\",\\\"error\\\":\\\"Cannot read properties of null (reading 'id')\\\"}\",\"duration_ms\":3900.601931}" source=console
time="2025-12-31T07:37:26Z" level=info msg="VU 3: Submitting biometric attendance for employee 0 at 2025-12-31T08:45:00.000Z" source=console
time="2025-12-31T07:37:26Z" level=info msg="VU 69: Submitting biometric attendance for employee 0 at 2025-12-31T08:52:00.000Z" source=console
time="2025-12-31T07:37:26Z" level=error msg="{\"ts\":\"2025-12-31T07:37:26.311Z\",\"type\":\"BIOMETRIC_ATTENDANCE_FAILED\",\"vu\":89,\"iteration\":0,\"endpoint\":\"/v1/attendance-management/biometric/create\",\"status\":500,\"payload\":{\"employee_fid\":0,\"device_user_id\":\"0\",\"date\":\"2025-12-31T08:54:00.000Z\",\"hours\":9,\"minutes\":1,\"in_out_flag\":\"IN\",\"hardware_type\":\"BIOMETRIC\",\"is_lock\":false,\"seconds\":0,\"milliseconds\":0},\"response\":\"{\\\"status\\\":false,\\\"message\\\":\\\"Something went wrong while creating biometric log\\\",\\\"error\\\":\\\"Cannot read properties of null (reading 'id')\\\"}\",\"duration_ms\":4046.63896}" source=console
time="2025-12-31T07:37:26Z" level=info msg="VU 66: Submitting biometric attendance for employee 0 at 2025-12-31T08:54:00.000Z" source=console
time="2025-12-31T07:37:26Z" level=error msg="{\"ts\":\"2025-12-31T07:37:26.375Z\",\"type\":\"BIOMETRIC_ATTENDANCE_FAILED\",\"vu\":44,\"iteration\":0,\"endpoint\":\"/v1/attendance-management/biometric/create\",\"status\":500,\"payload\":{\"employee_fid\":0,\"device_user_id\":\"0\",\"date\":\"2025-12-31T09:05:00.000Z\",\"hours\":8,\"minutes\":25,\"in_out_flag\":\"IN\",\"hardware_type\":\"BIOMETRIC\",\"is_lock\":false,\"seconds\":0,\"milliseconds\":0},\"response\":\"{\\\"status\\\":false,\\\"message\\\":\\\"Something went wrong while creating biometric log\\\",\\\"error\\\":\\\"Cannot read properties of null (reading 'id')\\\"}\",\"duration_ms\":3975.27623}" source=console
time="2025-12-31T07:37:26Z" level=info msg="VU 68: Submitting biometric attendance for employee 0 at 2025-12-31T08:53:00.000Z" source=console
time="2025-12-31T07:37:26Z" level=error msg="{\"ts\":\"2025-12-31T07:37:26.455Z\",\"type\":\"BIOMETRIC_ATTENDANCE_FAILED\",\"vu\":79,\"iteration\":0,\"endpoint\":\"/v1/attendance-management/biometric/create\",\"status\":500,\"payload\":{\"employee_fid\":0,\"device_user_id\":\"0\",\"date\":\"2025-12-31T08:50:00.000Z\",\"hours\":8,\"minutes\":35,\"in_out_flag\":\"IN\",\"hardware_type\":\"BIOMETRIC\",\"is_lock\":false,\"seconds\":0,\"milliseconds\":0},\"response\":\"{\\\"status\\\":false,\\\"message\\\":\\\"Something went wrong while creating biometric log\\\",\\\"error\\\":\\\"Cannot read properties of null (reading 'id')\\\"}\",\"duration_ms\":4069.447784}" source=console
time="2025-12-31T07:37:26Z" level=info msg="VU 8: Submitting biometric attendance for employee 0 at 2025-12-31T09:07:00.000Z" source=console
time="2025-12-31T07:37:26Z" level=info msg="VU 63: Submitting biometric attendance for employee 0 at 2025-12-31T09:01:00.000Z" source=console
time="2025-12-31T07:37:26Z" level=info msg="VU 75: Submitting biometric attendance for employee 0 at 2025-12-31T08:53:00.000Z" source=console
time="2025-12-31T07:37:26Z" level=info msg="VU 5: Submitting biometric attendance for employee 0 at 2025-12-31T09:07:00.000Z" source=console
time="2025-12-31T07:37:26Z" level=info msg="VU 57: Submitting biometric attendance for employee 0 at 2025-12-31T08:45:00.000Z" source=console
time="2025-12-31T07:37:26Z" level=info msg="VU 10: Submitting biometric attendance for employee 0 at 2025-12-31T09:07:00.000Z" source=console
time="2025-12-31T07:37:26Z" level=info msg="VU 74: Submitting biometric attendance for employee 0 at 2025-12-31T09:00:00.000Z" source=console
time="2025-12-31T07:37:26Z" level=info msg="VU 9: Submitting biometric attendance for employee 0 at 2025-12-31T08:51:00.000Z" source=console
time="2025-12-31T07:37:26Z" level=info msg="VU 94: Submitting biometric attendance for employee 0 at 2025-12-31T09:11:00.000Z" source=console
time="2025-12-31T07:37:27Z" level=info msg="VU 92: Submitting biometric attendance for employee 0 at 2025-12-31T08:58:00.000Z" source=console
time="2025-12-31T07:37:27Z" level=info msg="VU 2: Submitting biometric attendance for employee 0 at 2025-12-31T09:07:00.000Z" source=console
time="2025-12-31T07:37:27Z" level=info msg="VU 77: Submitting biometric attendance for employee 0 at 2025-12-31T08:59:00.000Z" source=console
time="2025-12-31T07:37:27Z" level=info msg="VU 16: Submitting biometric attendance for employee 0 at 2025-12-31T09:08:00.000Z" source=console

running (0m06.0s), 87/98 VUs, 11 complete and 0 interrupted iterations
morning_attendance   [  11% ] 98 VUs  0m05.9s/5m0s  11/98 iters, 1 per VU
time="2025-12-31T07:37:27Z" level=error msg="{\"ts\":\"2025-12-31T07:37:27.119Z\",\"type\":\"BIOMETRIC_ATTENDANCE_FAILED\",\"vu\":23,\"iteration\":0,\"endpoint\":\"/v1/attendance-management/biometric/create\",\"status\":500,\"payload\":{\"employee_fid\":0,\"device_user_id\":\"0\",\"date\":\"2025-12-31T08:45:00.000Z\",\"hours\":8,\"minutes\":37,\"in_out_flag\":\"IN\",\"hardware_type\":\"BIOMETRIC\",\"is_lock\":false,\"seconds\":0,\"milliseconds\":0},\"response\":\"{\\\"status\\\":false,\\\"message\\\":\\\"Something went wrong while creating biometric log\\\",\\\"error\\\":\\\"Cannot read properties of null (reading 'id')\\\"}\",\"duration_ms\":4658.227884}" source=console
time="2025-12-31T07:37:27Z" level=error msg="{\"ts\":\"2025-12-31T07:37:27.266Z\",\"type\":\"BIOMETRIC_ATTENDANCE_FAILED\",\"vu\":17,\"iteration\":0,\"endpoint\":\"/v1/attendance-management/biometric/create\",\"status\":500,\"payload\":{\"employee_fid\":0,\"device_user_id\":\"0\",\"date\":\"2025-12-31T09:00:00.000Z\",\"hours\":9,\"minutes\":17,\"in_out_flag\":\"IN\",\"hardware_type\":\"BIOMETRIC\",\"is_lock\":false,\"seconds\":0,\"milliseconds\":0},\"response\":\"{\\\"status\\\":false,\\\"message\\\":\\\"Something went wrong while creating biometric log\\\",\\\"error\\\":\\\"Cannot read properties of null (reading 'id')\\\"}\",\"duration_ms\":4730.648616}" source=console
time="2025-12-31T07:37:27Z" level=error msg="{\"ts\":\"2025-12-31T07:37:27.271Z\",\"type\":\"BIOMETRIC_ATTENDANCE_FAILED\",\"vu\":36,\"iteration\":0,\"endpoint\":\"/v1/attendance-management/biometric/create\",\"status\":500,\"payload\":{\"employee_fid\":0,\"device_user_id\":\"0\",\"date\":\"2025-12-31T09:10:00.000Z\",\"hours\":8,\"minutes\":36,\"in_out_flag\":\"IN\",\"hardware_type\":\"BIOMETRIC\",\"is_lock\":false,\"seconds\":0,\"milliseconds\":0},\"response\":\"{\\\"status\\\":false,\\\"message\\\":\\\"Something went wrong while creating biometric log\\\",\\\"error\\\":\\\"Cannot read properties of null (reading 'id')\\\"}\",\"duration_ms\":4598.733881}" source=console
time="2025-12-31T07:37:27Z" level=error msg="{\"ts\":\"2025-12-31T07:37:27.281Z\",\"type\":\"BIOMETRIC_ATTENDANCE_FAILED\",\"vu\":11,\"iteration\":0,\"endpoint\":\"/v1/attendance-management/biometric/create\",\"status\":500,\"payload\":{\"employee_fid\":0,\"device_user_id\":\"0\",\"date\":\"2025-12-31T08:54:00.000Z\",\"hours\":9,\"minutes\":29,\"in_out_flag\":\"IN\",\"hardware_type\":\"BIOMETRIC\",\"is_lock\":false,\"seconds\":0,\"milliseconds\":0},\"response\":\"{\\\"status\\\":false,\\\"message\\\":\\\"Something went wrong while creating biometric log\\\",\\\"error\\\":\\\"Cannot read properties of null (reading 'id')\\\"}\",\"duration_ms\":4597.288824}" source=console
time="2025-12-31T07:37:27Z" level=error msg="{\"ts\":\"2025-12-31T07:37:27.305Z\",\"type\":\"BIOMETRIC_ATTENDANCE_FAILED\",\"vu\":21,\"iteration\":0,\"endpoint\":\"/v1/attendance-management/biometric/create\",\"status\":500,\"payload\":{\"employee_fid\":0,\"device_user_id\":\"0\",\"date\":\"2025-12-31T08:49:00.000Z\",\"hours\":8,\"minutes\":13,\"in_out_flag\":\"IN\",\"hardware_type\":\"BIOMETRIC\",\"is_lock\":false,\"seconds\":0,\"milliseconds\":0},\"response\":\"{\\\"status\\\":false,\\\"message\\\":\\\"Something went wrong while creating biometric log\\\",\\\"error\\\":\\\"Cannot read properties of null (reading 'id')\\\"}\",\"duration_ms\":4555.718966}" source=console
time="2025-12-31T07:37:27Z" level=error msg="{\"ts\":\"2025-12-31T07:37:27.327Z\",\"type\":\"BIOMETRIC_ATTENDANCE_FAILED\",\"vu\":65,\"iteration\":0,\"endpoint\":\"/v1/attendance-management/biometric/create\",\"status\":500,\"payload\":{\"employee_fid\":0,\"device_user_id\":\"0\",\"date\":\"2025-12-31T08:46:00.000Z\",\"hours\":9,\"minutes\":44,\"in_out_flag\":\"IN\",\"hardware_type\":\"BIOMETRIC\",\"is_lock\":false,\"seconds\":0,\"milliseconds\":0},\"response\":\"{\\\"status\\\":false,\\\"message\\\":\\\"Something went wrong while creating biometric log\\\",\\\"error\\\":\\\"Cannot read properties of null (reading 'id')\\\"}\",\"duration_ms\":4449.349618}" source=console
time="2025-12-31T07:37:27Z" level=error msg="{\"ts\":\"2025-12-31T07:37:27.543Z\",\"type\":\"BIOMETRIC_ATTENDANCE_FAILED\",\"vu\":30,\"iteration\":0,\"endpoint\":\"/v1/attendance-management/biometric/create\",\"status\":500,\"payload\":{\"employee_fid\":0,\"device_user_id\":\"0\",\"date\":\"2025-12-31T08:52:00.000Z\",\"hours\":9,\"minutes\":10,\"in_out_flag\":\"IN\",\"hardware_type\":\"BIOMETRIC\",\"is_lock\":false,\"seconds\":0,\"milliseconds\":0},\"response\":\"{\\\"status\\\":false,\\\"message\\\":\\\"Something went wrong while creating biometric log\\\",\\\"error\\\":\\\"Cannot read properties of null (reading 'id')\\\"}\",\"duration_ms\":4580.659877}" source=console
time="2025-12-31T07:37:27Z" level=error msg="{\"ts\":\"2025-12-31T07:37:27.609Z\",\"type\":\"BIOMETRIC_ATTENDANCE_FAILED\",\"vu\":90,\"iteration\":0,\"endpoint\":\"/v1/attendance-management/biometric/create\",\"status\":500,\"payload\":{\"employee_fid\":0,\"device_user_id\":\"0\",\"date\":\"2025-12-31T09:15:00.000Z\",\"hours\":8,\"minutes\":54,\"in_out_flag\":\"IN\",\"hardware_type\":\"BIOMETRIC\",\"is_lock\":false,\"seconds\":0,\"milliseconds\":0},\"response\":\"{\\\"status\\\":false,\\\"message\\\":\\\"Something went wrong while creating biometric log\\\",\\\"error\\\":\\\"Cannot read properties of null (reading 'id')\\\"}\",\"duration_ms\":4584.980251}" source=console
time="2025-12-31T07:37:27Z" level=error msg="{\"ts\":\"2025-12-31T07:37:27.744Z\",\"type\":\"BIOMETRIC_ATTENDANCE_FAILED\",\"vu\":60,\"iteration\":0,\"endpoint\":\"/v1/attendance-management/biometric/create\",\"status\":500,\"payload\":{\"employee_fid\":0,\"device_user_id\":\"0\",\"date\":\"2025-12-31T09:10:00.000Z\",\"hours\":9,\"minutes\":9,\"in_out_flag\":\"IN\",\"hardware_type\":\"BIOMETRIC\",\"is_lock\":false,\"seconds\":0,\"milliseconds\":0},\"response\":\"{\\\"status\\\":false,\\\"message\\\":\\\"Something went wrong while creating biometric log\\\",\\\"error\\\":\\\"Cannot read properties of null (reading 'id')\\\"}\",\"duration_ms\":4642.93849}" source=console
time="2025-12-31T07:37:27Z" level=error msg="{\"ts\":\"2025-12-31T07:37:27.819Z\",\"type\":\"BIOMETRIC_ATTENDANCE_FAILED\",\"vu\":62,\"iteration\":0,\"endpoint\":\"/v1/attendance-management/biometric/create\",\"status\":500,\"payload\":{\"employee_fid\":0,\"device_user_id\":\"0\",\"date\":\"2025-12-31T08:58:00.000Z\",\"hours\":8,\"minutes\":40,\"in_out_flag\":\"IN\",\"hardware_type\":\"BIOMETRIC\",\"is_lock\":false,\"seconds\":0,\"milliseconds\":0},\"response\":\"{\\\"status\\\":false,\\\"message\\\":\\\"Something went wrong while creating biometric log\\\",\\\"error\\\":\\\"Cannot read properties of null (reading 'id')\\\"}\",\"duration_ms\":4717.908456}" source=console
time="2025-12-31T07:37:27Z" level=error msg="{\"ts\":\"2025-12-31T07:37:27.893Z\",\"type\":\"BIOMETRIC_ATTENDANCE_FAILED\",\"vu\":18,\"iteration\":0,\"endpoint\":\"/v1/attendance-management/biometric/create\",\"status\":500,\"payload\":{\"employee_fid\":0,\"device_user_id\":\"0\",\"date\":\"2025-12-31T09:07:00.000Z\",\"hours\":8,\"minutes\":48,\"in_out_flag\":\"IN\",\"hardware_type\":\"BIOMETRIC\",\"is_lock\":false,\"seconds\":0,\"milliseconds\":0},\"response\":\"{\\\"status\\\":false,\\\"message\\\":\\\"Something went wrong while creating biometric log\\\",\\\"error\\\":\\\"Cannot read properties of null (reading 'id')\\\"}\",\"duration_ms\":4667.782098}" source=console
time="2025-12-31T07:37:27Z" level=info msg="VU 39: Submitting biometric attendance for employee 0 at 2025-12-31T08:45:00.000Z" source=console
time="2025-12-31T07:37:27Z" level=error msg="{\"ts\":\"2025-12-31T07:37:27.983Z\",\"type\":\"BIOMETRIC_ATTENDANCE_FAILED\",\"vu\":52,\"iteration\":0,\"endpoint\":\"/v1/attendance-management/biometric/create\",\"status\":500,\"payload\":{\"employee_fid\":0,\"device_user_id\":\"0\",\"date\":\"2025-12-31T08:49:00.000Z\",\"hours\":8,\"minutes\":34,\"in_out_flag\":\"IN\",\"hardware_type\":\"BIOMETRIC\",\"is_lock\":false,\"seconds\":0,\"milliseconds\":0},\"response\":\"{\\\"status\\\":false,\\\"message\\\":\\\"Something went wrong while creating biometric log\\\",\\\"error\\\":\\\"Cannot read properties of null (reading 'id')\\\"}\",\"duration_ms\":4692.452461}" source=console
time="2025-12-31T07:37:27Z" level=error msg="{\"ts\":\"2025-12-31T07:37:27.983Z\",\"type\":\"BIOMETRIC_ATTENDANCE_FAILED\",\"vu\":58,\"iteration\":0,\"endpoint\":\"/v1/attendance-management/biometric/create\",\"status\":500,\"payload\":{\"employee_fid\":0,\"device_user_id\":\"0\",\"date\":\"2025-12-31T09:00:00.000Z\",\"hours\":9,\"minutes\":17,\"in_out_flag\":\"IN\",\"hardware_type\":\"BIOMETRIC\",\"is_lock\":false,\"seconds\":0,\"milliseconds\":0},\"response\":\"{\\\"status\\\":false,\\\"message\\\":\\\"Something went wrong while creating biometric log\\\",\\\"error\\\":\\\"Cannot read properties of null (reading 'id')\\\"}\",\"duration_ms\":4566.90071}" source=console
time="2025-12-31T07:37:28Z" level=info msg="VU 7: Submitting biometric attendance for employee 0 at 2025-12-31T09:06:00.000Z" source=console

running (0m07.0s), 74/98 VUs, 24 complete and 0 interrupted iterations
morning_attendance   [  24% ] 98 VUs  0m06.9s/5m0s  24/98 iters, 1 per VU
time="2025-12-31T07:37:28Z" level=info msg="VU 76: Submitting biometric attendance for employee 0 at 2025-12-31T08:50:00.000Z" source=console
time="2025-12-31T07:37:28Z" level=error msg="{\"ts\":\"2025-12-31T07:37:28.119Z\",\"type\":\"BIOMETRIC_ATTENDANCE_FAILED\",\"vu\":55,\"iteration\":0,\"endpoint\":\"/v1/attendance-management/biometric/create\",\"status\":500,\"payload\":{\"employee_fid\":0,\"device_user_id\":\"0\",\"date\":\"2025-12-31T09:01:00.000Z\",\"hours\":8,\"minutes\":12,\"in_out_flag\":\"IN\",\"hardware_type\":\"BIOMETRIC\",\"is_lock\":false,\"seconds\":0,\"milliseconds\":0},\"response\":\"{\\\"status\\\":false,\\\"message\\\":\\\"Something went wrong while creating biometric log\\\",\\\"error\\\":\\\"Cannot read properties of null (reading 'id')\\\"}\",\"duration_ms\":4702.622324}" source=console
time="2025-12-31T07:37:28Z" level=error msg="{\"ts\":\"2025-12-31T07:37:28.196Z\",\"type\":\"BIOMETRIC_ATTENDANCE_FAILED\",\"vu\":32,\"iteration\":0,\"endpoint\":\"/v1/attendance-management/biometric/create\",\"status\":500,\"payload\":{\"employee_fid\":0,\"device_user_id\":\"0\",\"date\":\"2025-12-31T08:52:00.000Z\",\"hours\":8,\"minutes\":56,\"in_out_flag\":\"IN\",\"hardware_type\":\"BIOMETRIC\",\"is_lock\":false,\"seconds\":0,\"milliseconds\":0},\"response\":\"{\\\"status\\\":false,\\\"message\\\":\\\"Something went wrong while creating biometric log\\\",\\\"error\\\":\\\"Cannot read properties of null (reading 'id')\\\"}\",\"duration_ms\":4701.947699}" source=console
time="2025-12-31T07:37:28Z" level=info msg="VU 46: Submitting biometric attendance for employee 0 at 2025-12-31T09:10:00.000Z" source=console
time="2025-12-31T07:37:28Z" level=error msg="{\"ts\":\"2025-12-31T07:37:28.264Z\",\"type\":\"BIOMETRIC_ATTENDANCE_FAILED\",\"vu\":38,\"iteration\":0,\"endpoint\":\"/v1/attendance-management/biometric/create\",\"status\":500,\"payload\":{\"employee_fid\":0,\"device_user_id\":\"0\",\"date\":\"2025-12-31T08:55:00.000Z\",\"hours\":8,\"minutes\":36,\"in_out_flag\":\"IN\",\"hardware_type\":\"BIOMETRIC\",\"is_lock\":false,\"seconds\":0,\"milliseconds\":0},\"response\":\"{\\\"status\\\":false,\\\"message\\\":\\\"Something went wrong while creating biometric log\\\",\\\"error\\\":\\\"Cannot read properties of null (reading 'id')\\\"}\",\"duration_ms\":4699.13527}" source=console
time="2025-12-31T07:37:28Z" level=info msg="VU 34: Submitting biometric attendance for employee 0 at 2025-12-31T09:06:00.000Z" source=console
time="2025-12-31T07:37:28Z" level=info msg="VU 88: Submitting biometric attendance for employee 0 at 2025-12-31T09:12:00.000Z" source=console
time="2025-12-31T07:37:28Z" level=error msg="{\"ts\":\"2025-12-31T07:37:28.335Z\",\"type\":\"BIOMETRIC_ATTENDANCE_FAILED\",\"vu\":6,\"iteration\":0,\"endpoint\":\"/v1/attendance-management/biometric/create\",\"status\":500,\"payload\":{\"employee_fid\":0,\"device_user_id\":\"0\",\"date\":\"2025-12-31T08:45:00.000Z\",\"hours\":8,\"minutes\":5,\"in_out_flag\":\"IN\",\"hardware_type\":\"BIOMETRIC\",\"is_lock\":false,\"seconds\":0,\"milliseconds\":0},\"response\":\"{\\\"status\\\":false,\\\"message\\\":\\\"Something went wrong while creating biometric log\\\",\\\"error\\\":\\\"Cannot read properties of null (reading 'id')\\\"}\",\"duration_ms\":4710.503462}" source=console
time="2025-12-31T07:37:28Z" level=info msg="VU 27: Submitting biometric attendance for employee 0 at 2025-12-31T09:04:00.000Z" source=console
time="2025-12-31T07:37:28Z" level=error msg="{\"ts\":\"2025-12-31T07:37:28.409Z\",\"type\":\"BIOMETRIC_ATTENDANCE_FAILED\",\"vu\":13,\"iteration\":0,\"endpoint\":\"/v1/attendance-management/biometric/create\",\"status\":500,\"payload\":{\"employee_fid\":0,\"device_user_id\":\"0\",\"date\":\"2025-12-31T09:01:00.000Z\",\"hours\":9,\"minutes\":27,\"in_out_flag\":\"IN\",\"hardware_type\":\"BIOMETRIC\",\"is_lock\":false,\"seconds\":0,\"milliseconds\":0},\"response\":\"{\\\"status\\\":false,\\\"message\\\":\\\"Something went wrong while creating biometric log\\\",\\\"error\\\":\\\"Cannot read properties of null (reading 'id')\\\"}\",\"duration_ms\":4658.586828}" source=console
time="2025-12-31T07:37:28Z" level=info msg="VU 24: Submitting biometric attendance for employee 0 at 2025-12-31T08:54:00.000Z" source=console
time="2025-12-31T07:37:28Z" level=info msg="VU 87: Submitting biometric attendance for employee 0 at 2025-12-31T08:47:00.000Z" source=console
time="2025-12-31T07:37:28Z" level=error msg="{\"ts\":\"2025-12-31T07:37:28.542Z\",\"type\":\"BIOMETRIC_ATTENDANCE_FAILED\",\"vu\":97,\"iteration\":0,\"endpoint\":\"/v1/attendance-management/biometric/create\",\"status\":500,\"payload\":{\"employee_fid\":0,\"device_user_id\":\"0\",\"date\":\"2025-12-31T08:56:00.000Z\",\"hours\":8,\"minutes\":24,\"in_out_flag\":\"IN\",\"hardware_type\":\"BIOMETRIC\",\"is_lock\":false,\"seconds\":0,\"milliseconds\":0},\"response\":\"{\\\"status\\\":false,\\\"message\\\":\\\"Something went wrong while creating biometric log\\\",\\\"error\\\":\\\"Cannot read properties of null (reading 'id')\\\"}\",\"duration_ms\":4792.073809}" source=console
time="2025-12-31T07:37:28Z" level=error msg="{\"ts\":\"2025-12-31T07:37:28.549Z\",\"type\":\"BIOMETRIC_ATTENDANCE_FAILED\",\"vu\":41,\"iteration\":0,\"endpoint\":\"/v1/attendance-management/biometric/create\",\"status\":500,\"payload\":{\"employee_fid\":0,\"device_user_id\":\"0\",\"date\":\"2025-12-31T08:49:00.000Z\",\"hours\":9,\"minutes\":14,\"in_out_flag\":\"IN\",\"hardware_type\":\"BIOMETRIC\",\"is_lock\":false,\"seconds\":0,\"milliseconds\":0},\"response\":\"{\\\"status\\\":false,\\\"message\\\":\\\"Something went wrong while creating biometric log\\\",\\\"error\\\":\\\"Cannot read properties of null (reading 'id')\\\"}\",\"duration_ms\":4658.173662}" source=console
time="2025-12-31T07:37:28Z" level=info msg="VU 54: Submitting biometric attendance for employee 0 at 2025-12-31T09:07:00.000Z" source=console
time="2025-12-31T07:37:28Z" level=error msg="{\"ts\":\"2025-12-31T07:37:28.692Z\",\"type\":\"BIOMETRIC_ATTENDANCE_FAILED\",\"vu\":42,\"iteration\":0,\"endpoint\":\"/v1/attendance-management/biometric/create\",\"status\":500,\"payload\":{\"employee_fid\":0,\"device_user_id\":\"0\",\"date\":\"2025-12-31T08:53:00.000Z\",\"hours\":9,\"minutes\":42,\"in_out_flag\":\"IN\",\"hardware_type\":\"BIOMETRIC\",\"is_lock\":false,\"seconds\":0,\"milliseconds\":0},\"response\":\"{\\\"status\\\":false,\\\"message\\\":\\\"Something went wrong while creating biometric log\\\",\\\"error\\\":\\\"Cannot read properties of null (reading 'id')\\\"}\",\"duration_ms\":4729.608848}" source=console
time="2025-12-31T07:37:28Z" level=info msg="VU 1: Submitting biometric attendance for employee 0 at 2025-12-31T08:49:00.000Z" source=console
time="2025-12-31T07:37:28Z" level=info msg="VU 84: Submitting biometric attendance for employee 0 at 2025-12-31T08:58:00.000Z" source=console
time="2025-12-31T07:37:28Z" level=error msg="{\"ts\":\"2025-12-31T07:37:28.787Z\",\"type\":\"BIOMETRIC_ATTENDANCE_FAILED\",\"vu\":51,\"iteration\":0,\"endpoint\":\"/v1/attendance-management/biometric/create\",\"status\":500,\"payload\":{\"employee_fid\":0,\"device_user_id\":\"0\",\"date\":\"2025-12-31T09:08:00.000Z\",\"hours\":9,\"minutes\":6,\"in_out_flag\":\"IN\",\"hardware_type\":\"BIOMETRIC\",\"is_lock\":false,\"seconds\":0,\"milliseconds\":0},\"response\":\"{\\\"status\\\":false,\\\"message\\\":\\\"Something went wrong while creating biometric log\\\",\\\"error\\\":\\\"Cannot read properties of null (reading 'id')\\\"}\",\"duration_ms\":4815.18077}" source=console
time="2025-12-31T07:37:28Z" level=error msg="{\"ts\":\"2025-12-31T07:37:28.850Z\",\"type\":\"BIOMETRIC_ATTENDANCE_FAILED\",\"vu\":91,\"iteration\":0,\"endpoint\":\"/v1/attendance-management/biometric/create\",\"status\":500,\"payload\":{\"employee_fid\":0,\"device_user_id\":\"0\",\"date\":\"2025-12-31T09:02:00.000Z\",\"hours\":9,\"minutes\":10,\"in_out_flag\":\"IN\",\"hardware_type\":\"BIOMETRIC\",\"is_lock\":false,\"seconds\":0,\"milliseconds\":0},\"response\":\"{\\\"status\\\":false,\\\"message\\\":\\\"Something went wrong while creating biometric log\\\",\\\"error\\\":\\\"Cannot read properties of null (reading 'id')\\\"}\",\"duration_ms\":4800.890618}" source=console
time="2025-12-31T07:37:28Z" level=info msg="VU 29: Submitting biometric attendance for employee 0 at 2025-12-31T09:03:00.000Z" source=console
time="2025-12-31T07:37:28Z" level=info msg="VU 33: Submitting biometric attendance for employee 0 at 2025-12-31T09:08:00.000Z" source=console
time="2025-12-31T07:37:28Z" level=error msg="{\"ts\":\"2025-12-31T07:37:28.924Z\",\"type\":\"BIOMETRIC_ATTENDANCE_FAILED\",\"vu\":61,\"iteration\":0,\"endpoint\":\"/v1/attendance-management/biometric/create\",\"status\":500,\"payload\":{\"employee_fid\":0,\"device_user_id\":\"0\",\"date\":\"2025-12-31T09:04:00.000Z\",\"hours\":9,\"minutes\":34,\"in_out_flag\":\"IN\",\"hardware_type\":\"BIOMETRIC\",\"is_lock\":false,\"seconds\":0,\"milliseconds\":0},\"response\":\"{\\\"status\\\":false,\\\"message\\\":\\\"Something went wrong while creating biometric log\\\",\\\"error\\\":\\\"Cannot read properties of null (reading 'id')\\\"}\",\"duration_ms\":4817.638328}" source=console
time="2025-12-31T07:37:28Z" level=info msg="VU 40: Submitting biometric attendance for employee 0 at 2025-12-31T09:10:00.000Z" source=console
time="2025-12-31T07:37:28Z" level=error msg="{\"ts\":\"2025-12-31T07:37:28.994Z\",\"type\":\"BIOMETRIC_ATTENDANCE_FAILED\",\"vu\":83,\"iteration\":0,\"endpoint\":\"/v1/attendance-management/biometric/create\",\"status\":500,\"payload\":{\"employee_fid\":0,\"device_user_id\":\"0\",\"date\":\"2025-12-31T09:05:00.000Z\",\"hours\":9,\"minutes\":52,\"in_out_flag\":\"IN\",\"hardware_type\":\"BIOMETRIC\",\"is_lock\":false,\"seconds\":0,\"milliseconds\":0},\"response\":\"{\\\"status\\\":false,\\\"message\\\":\\\"Something went wrong while creating biometric log\\\",\\\"error\\\":\\\"Cannot read properties of null (reading 'id')\\\"}\",\"duration_ms\":4806.647631}" source=console
time="2025-12-31T07:37:29Z" level=info msg="VU 15: Submitting biometric attendance for employee 0 at 2025-12-31T08:47:00.000Z" source=console
time="2025-12-31T07:37:29Z" level=error msg="{\"ts\":\"2025-12-31T07:37:29.005Z\",\"type\":\"BIOMETRIC_ATTENDANCE_FAILED\",\"vu\":85,\"iteration\":0,\"endpoint\":\"/v1/attendance-management/biometric/create\",\"status\":500,\"payload\":{\"employee_fid\":0,\"device_user_id\":\"0\",\"date\":\"2025-12-31T08:54:00.000Z\",\"hours\":9,\"minutes\":14,\"in_out_flag\":\"IN\",\"hardware_type\":\"BIOMETRIC\",\"is_lock\":false,\"seconds\":0,\"milliseconds\":0},\"response\":\"{\\\"status\\\":false,\\\"message\\\":\\\"Something went wrong while creating biometric log\\\",\\\"error\\\":\\\"Cannot read properties of null (reading 'id')\\\"}\",\"duration_ms\":4683.746345}" source=console
time="2025-12-31T07:37:29Z" level=info msg="VU 22: Submitting biometric attendance for employee 0 at 2025-12-31T09:11:00.000Z" source=console
time="2025-12-31T07:37:29Z" level=info msg="VU 45: Submitting biometric attendance for employee 0 at 2025-12-31T09:12:00.000Z" source=console
time="2025-12-31T07:37:29Z" level=error msg="{\"ts\":\"2025-12-31T07:37:29.035Z\",\"type\":\"BIOMETRIC_ATTENDANCE_FAILED\",\"vu\":28,\"iteration\":0,\"endpoint\":\"/v1/attendance-management/biometric/create\",\"status\":500,\"payload\":{\"employee_fid\":0,\"device_user_id\":\"0\",\"date\":\"2025-12-31T08:52:00.000Z\",\"hours\":9,\"minutes\":58,\"in_out_flag\":\"IN\",\"hardware_type\":\"BIOMETRIC\",\"is_lock\":false,\"seconds\":0,\"milliseconds\":0},\"response\":\"{\\\"status\\\":false,\\\"message\\\":\\\"Something went wrong while creating biometric log\\\",\\\"error\\\":\\\"Cannot read properties of null (reading 'id')\\\"}\",\"duration_ms\":4643.221942}" source=console
time="2025-12-31T07:37:29Z" level=info msg="VU 31: Submitting biometric attendance for employee 0 at 2025-12-31T09:01:00.000Z" source=console
time="2025-12-31T07:37:29Z" level=info msg="VU 71: Submitting biometric attendance for employee 0 at 2025-12-31T09:15:00.000Z" source=console
time="2025-12-31T07:37:29Z" level=info msg="VU 53: Submitting biometric attendance for employee 0 at 2025-12-31T09:14:00.000Z" source=console
time="2025-12-31T07:37:29Z" level=info msg="VU 93: Submitting biometric attendance for employee 0 at 2025-12-31T09:15:00.000Z" source=console
time="2025-12-31T07:37:29Z" level=info msg="VU 35: Submitting biometric attendance for employee 0 at 2025-12-31T08:51:00.000Z" source=console

running (0m08.0s), 60/98 VUs, 38 complete and 0 interrupted iterations
morning_attendance   [  39% ] 98 VUs  0m07.9s/5m0s  38/98 iters, 1 per VU
time="2025-12-31T07:37:29Z" level=error msg="{\"ts\":\"2025-12-31T07:37:29.275Z\",\"type\":\"BIOMETRIC_ATTENDANCE_FAILED\",\"vu\":50,\"iteration\":0,\"endpoint\":\"/v1/attendance-management/biometric/create\",\"status\":500,\"payload\":{\"employee_fid\":0,\"device_user_id\":\"0\",\"date\":\"2025-12-31T08:52:00.000Z\",\"hours\":8,\"minutes\":16,\"in_out_flag\":\"IN\",\"hardware_type\":\"BIOMETRIC\",\"is_lock\":false,\"seconds\":0,\"milliseconds\":0},\"response\":\"{\\\"status\\\":false,\\\"message\\\":\\\"Something went wrong while creating biometric log\\\",\\\"error\\\":\\\"Cannot read properties of null (reading 'id')\\\"}\",\"duration_ms\":4757.582243}" source=console
time="2025-12-31T07:37:29Z" level=error msg="{\"ts\":\"2025-12-31T07:37:29.304Z\",\"type\":\"BIOMETRIC_ATTENDANCE_FAILED\",\"vu\":72,\"iteration\":0,\"endpoint\":\"/v1/attendance-management/biometric/create\",\"status\":500,\"payload\":{\"employee_fid\":0,\"device_user_id\":\"0\",\"date\":\"2025-12-31T09:13:00.000Z\",\"hours\":9,\"minutes\":30,\"in_out_flag\":\"IN\",\"hardware_type\":\"BIOMETRIC\",\"is_lock\":false,\"seconds\":0,\"milliseconds\":0},\"response\":\"{\\\"status\\\":false,\\\"message\\\":\\\"Something went wrong while creating biometric log\\\",\\\"error\\\":\\\"Cannot read properties of null (reading 'id')\\\"}\",\"duration_ms\":4764.298057}" source=console
time="2025-12-31T07:37:29Z" level=error msg="{\"ts\":\"2025-12-31T07:37:29.322Z\",\"type\":\"BIOMETRIC_ATTENDANCE_FAILED\",\"vu\":59,\"iteration\":0,\"endpoint\":\"/v1/attendance-management/biometric/create\",\"status\":500,\"payload\":{\"employee_fid\":0,\"device_user_id\":\"0\",\"date\":\"2025-12-31T08:54:00.000Z\",\"hours\":8,\"minutes\":4,\"in_out_flag\":\"IN\",\"hardware_type\":\"BIOMETRIC\",\"is_lock\":false,\"seconds\":0,\"milliseconds\":0},\"response\":\"{\\\"status\\\":false,\\\"message\\\":\\\"Something went wrong while creating biometric log\\\",\\\"error\\\":\\\"Cannot read properties of null (reading 'id')\\\"}\",\"duration_ms\":4640.244792}" source=console
time="2025-12-31T07:37:29Z" level=error msg="{\"ts\":\"2025-12-31T07:37:29.322Z\",\"type\":\"BIOMETRIC_ATTENDANCE_FAILED\",\"vu\":47,\"iteration\":0,\"endpoint\":\"/v1/attendance-management/biometric/create\",\"status\":500,\"payload\":{\"employee_fid\":0,\"device_user_id\":\"0\",\"date\":\"2025-12-31T09:13:00.000Z\",\"hours\":9,\"minutes\":31,\"in_out_flag\":\"IN\",\"hardware_type\":\"BIOMETRIC\",\"is_lock\":false,\"seconds\":0,\"milliseconds\":0},\"response\":\"{\\\"status\\\":false,\\\"message\\\":\\\"Something went wrong while creating biometric log\\\",\\\"error\\\":\\\"Cannot read properties of null (reading 'id')\\\"}\",\"duration_ms\":4714.319378}" source=console
time="2025-12-31T07:37:29Z" level=error msg="{\"ts\":\"2025-12-31T07:37:29.343Z\",\"type\":\"BIOMETRIC_ATTENDANCE_FAILED\",\"vu\":26,\"iteration\":0,\"endpoint\":\"/v1/attendance-management/biometric/create\",\"status\":500,\"payload\":{\"employee_fid\":0,\"device_user_id\":\"0\",\"date\":\"2025-12-31T08:49:00.000Z\",\"hours\":9,\"minutes\":33,\"in_out_flag\":\"IN\",\"hardware_type\":\"BIOMETRIC\",\"is_lock\":false,\"seconds\":0,\"milliseconds\":0},\"response\":\"{\\\"status\\\":false,\\\"message\\\":\\\"Something went wrong while creating biometric log\\\",\\\"error\\\":\\\"Cannot read properties of null (reading 'id')\\\"}\",\"duration_ms\":4398.266054}" source=console
time="2025-12-31T07:37:29Z" level=error msg="{\"ts\":\"2025-12-31T07:37:29.343Z\",\"type\":\"BIOMETRIC_ATTENDANCE_FAILED\",\"vu\":98,\"iteration\":0,\"endpoint\":\"/v1/attendance-management/biometric/create\",\"status\":500,\"payload\":{\"employee_fid\":0,\"device_user_id\":\"0\",\"date\":\"2025-12-31T09:05:00.000Z\",\"hours\":9,\"minutes\":18,\"in_out_flag\":\"IN\",\"hardware_type\":\"BIOMETRIC\",\"is_lock\":false,\"seconds\":0,\"milliseconds\":0},\"response\":\"{\\\"status\\\":false,\\\"message\\\":\\\"Something went wrong while creating biometric log\\\",\\\"error\\\":\\\"Cannot read properties of null (reading 'id')\\\"}\",\"duration_ms\":4599.269143}" source=console
time="2025-12-31T07:37:29Z" level=error msg="{\"ts\":\"2025-12-31T07:37:29.343Z\",\"type\":\"BIOMETRIC_ATTENDANCE_FAILED\",\"vu\":43,\"iteration\":0,\"endpoint\":\"/v1/attendance-management/biometric/create\",\"status\":500,\"payload\":{\"employee_fid\":0,\"device_user_id\":\"0\",\"date\":\"2025-12-31T09:14:00.000Z\",\"hours\":9,\"minutes\":22,\"in_out_flag\":\"IN\",\"hardware_type\":\"BIOMETRIC\",\"is_lock\":false,\"seconds\":0,\"milliseconds\":0},\"response\":\"{\\\"status\\\":false,\\\"message\\\":\\\"Something went wrong while creating biometric log\\\",\\\"error\\\":\\\"Cannot read properties of null (reading 'id')\\\"}\",\"duration_ms\":4520.50078}" source=console
time="2025-12-31T07:37:29Z" level=error msg="{\"ts\":\"2025-12-31T07:37:29.367Z\",\"type\":\"BIOMETRIC_ATTENDANCE_FAILED\",\"vu\":67,\"iteration\":0,\"endpoint\":\"/v1/attendance-management/biometric/create\",\"status\":500,\"payload\":{\"employee_fid\":0,\"device_user_id\":\"0\",\"date\":\"2025-12-31T09:07:00.000Z\",\"hours\":9,\"minutes\":22,\"in_out_flag\":\"IN\",\"hardware_type\":\"BIOMETRIC\",\"is_lock\":false,\"seconds\":0,\"milliseconds\":0},\"response\":\"{\\\"status\\\":false,\\\"message\\\":\\\"Something went wrong while creating biometric log\\\",\\\"error\\\":\\\"Cannot read properties of null (reading 'id')\\\"}\",\"duration_ms\":4421.845836}" source=console
time="2025-12-31T07:37:29Z" level=error msg="{\"ts\":\"2025-12-31T07:37:29.389Z\",\"type\":\"BIOMETRIC_ATTENDANCE_FAILED\",\"vu\":78,\"iteration\":0,\"endpoint\":\"/v1/attendance-management/biometric/create\",\"status\":500,\"payload\":{\"employee_fid\":0,\"device_user_id\":\"0\",\"date\":\"2025-12-31T09:08:00.000Z\",\"hours\":8,\"minutes\":22,\"in_out_flag\":\"IN\",\"hardware_type\":\"BIOMETRIC\",\"is_lock\":false,\"seconds\":0,\"milliseconds\":0},\"response\":\"{\\\"status\\\":false,\\\"message\\\":\\\"Something went wrong while creating biometric log\\\",\\\"error\\\":\\\"Cannot read properties of null (reading 'id')\\\"}\",\"duration_ms\":4379.422635}" source=console
time="2025-12-31T07:37:29Z" level=error msg="{\"ts\":\"2025-12-31T07:37:29.404Z\",\"type\":\"BIOMETRIC_ATTENDANCE_FAILED\",\"vu\":82,\"iteration\":0,\"endpoint\":\"/v1/attendance-management/biometric/create\",\"status\":500,\"payload\":{\"employee_fid\":0,\"device_user_id\":\"0\",\"date\":\"2025-12-31T08:58:00.000Z\",\"hours\":8,\"minutes\":55,\"in_out_flag\":\"IN\",\"hardware_type\":\"BIOMETRIC\",\"is_lock\":false,\"seconds\":0,\"milliseconds\":0},\"response\":\"{\\\"status\\\":false,\\\"message\\\":\\\"Something went wrong while creating biometric log\\\",\\\"error\\\":\\\"Cannot read properties of null (reading 'id')\\\"}\",\"duration_ms\":4358.071157}" source=console
time="2025-12-31T07:37:29Z" level=error msg="{\"ts\":\"2025-12-31T07:37:29.418Z\",\"type\":\"BIOMETRIC_ATTENDANCE_FAILED\",\"vu\":80,\"iteration\":0,\"endpoint\":\"/v1/attendance-management/biometric/create\",\"status\":500,\"payload\":{\"employee_fid\":0,\"device_user_id\":\"0\",\"date\":\"2025-12-31T09:02:00.000Z\",\"hours\":8,\"minutes\":50,\"in_out_flag\":\"IN\",\"hardware_type\":\"BIOMETRIC\",\"is_lock\":false,\"seconds\":0,\"milliseconds\":0},\"response\":\"{\\\"status\\\":false,\\\"message\\\":\\\"Something went wrong while creating biometric log\\\",\\\"error\\\":\\\"Cannot read properties of null (reading 'id')\\\"}\",\"duration_ms\":4359.760117}" source=console
time="2025-12-31T07:37:29Z" level=error msg="{\"ts\":\"2025-12-31T07:37:29.437Z\",\"type\":\"BIOMETRIC_ATTENDANCE_FAILED\",\"vu\":12,\"iteration\":0,\"endpoint\":\"/v1/attendance-management/biometric/create\",\"status\":500,\"payload\":{\"employee_fid\":0,\"device_user_id\":\"0\",\"date\":\"2025-12-31T09:01:00.000Z\",\"hours\":8,\"minutes\":13,\"in_out_flag\":\"IN\",\"hardware_type\":\"BIOMETRIC\",\"is_lock\":false,\"seconds\":0,\"milliseconds\":0},\"response\":\"{\\\"status\\\":false,\\\"message\\\":\\\"Something went wrong while creating biometric log\\\",\\\"error\\\":\\\"Cannot read properties of null (reading 'id')\\\"}\",\"duration_ms\":4349.267812}" source=console
time="2025-12-31T07:37:29Z" level=error msg="{\"ts\":\"2025-12-31T07:37:29.437Z\",\"type\":\"BIOMETRIC_ATTENDANCE_FAILED\",\"vu\":81,\"iteration\":0,\"endpoint\":\"/v1/attendance-management/biometric/create\",\"status\":500,\"payload\":{\"employee_fid\":0,\"device_user_id\":\"0\",\"date\":\"2025-12-31T09:08:00.000Z\",\"hours\":9,\"minutes\":4,\"in_out_flag\":\"IN\",\"hardware_type\":\"BIOMETRIC\",\"is_lock\":false,\"seconds\":0,\"milliseconds\":0},\"response\":\"{\\\"status\\\":false,\\\"message\\\":\\\"Something went wrong while creating biometric log\\\",\\\"error\\\":\\\"Cannot read properties of null (reading 'id')\\\"}\",\"duration_ms\":4363.692526}" source=console
time="2025-12-31T07:37:29Z" level=error msg="{\"ts\":\"2025-12-31T07:37:29.449Z\",\"type\":\"BIOMETRIC_ATTENDANCE_FAILED\",\"vu\":14,\"iteration\":0,\"endpoint\":\"/v1/attendance-management/biometric/create\",\"status\":500,\"payload\":{\"employee_fid\":0,\"device_user_id\":\"0\",\"date\":\"2025-12-31T08:48:00.000Z\",\"hours\":8,\"minutes\":44,\"in_out_flag\":\"IN\",\"hardware_type\":\"BIOMETRIC\",\"is_lock\":false,\"seconds\":0,\"milliseconds\":0},\"response\":\"{\\\"status\\\":false,\\\"message\\\":\\\"Something went wrong while creating biometric log\\\",\\\"error\\\":\\\"Cannot read properties of null (reading 'id')\\\"}\",\"duration_ms\":3633.883177}" source=console
time="2025-12-31T07:37:29Z" level=error msg="{\"ts\":\"2025-12-31T07:37:29.449Z\",\"type\":\"BIOMETRIC_ATTENDANCE_FAILED\",\"vu\":20,\"iteration\":0,\"endpoint\":\"/v1/attendance-management/biometric/create\",\"status\":500,\"payload\":{\"employee_fid\":0,\"device_user_id\":\"0\",\"date\":\"2025-12-31T08:57:00.000Z\",\"hours\":9,\"minutes\":55,\"in_out_flag\":\"IN\",\"hardware_type\":\"BIOMETRIC\",\"is_lock\":false,\"seconds\":0,\"milliseconds\":0},\"response\":\"{\\\"status\\\":false,\\\"message\\\":\\\"Something went wrong while creating biometric log\\\",\\\"error\\\":\\\"Cannot read properties of null (reading 'id')\\\"}\",\"duration_ms\":3720.98862}" source=console
time="2025-12-31T07:37:29Z" level=error msg="{\"ts\":\"2025-12-31T07:37:29.449Z\",\"type\":\"BIOMETRIC_ATTENDANCE_FAILED\",\"vu\":4,\"iteration\":0,\"endpoint\":\"/v1/attendance-management/biometric/create\",\"status\":500,\"payload\":{\"employee_fid\":0,\"device_user_id\":\"0\",\"date\":\"2025-12-31T09:03:00.000Z\",\"hours\":8,\"minutes\":50,\"in_out_flag\":\"IN\",\"hardware_type\":\"BIOMETRIC\",\"is_lock\":false,\"seconds\":0,\"milliseconds\":0},\"response\":\"{\\\"status\\\":false,\\\"message\\\":\\\"Something went wrong while creating biometric log\\\",\\\"error\\\":\\\"Cannot read properties of null (reading 'id')\\\"}\",\"duration_ms\":3710.05802}" source=console
time="2025-12-31T07:37:29Z" level=error msg="{\"ts\":\"2025-12-31T07:37:29.496Z\",\"type\":\"BIOMETRIC_ATTENDANCE_FAILED\",\"vu\":25,\"iteration\":0,\"endpoint\":\"/v1/attendance-management/biometric/create\",\"status\":500,\"payload\":{\"employee_fid\":0,\"device_user_id\":\"0\",\"date\":\"2025-12-31T09:02:00.000Z\",\"hours\":9,\"minutes\":49,\"in_out_flag\":\"IN\",\"hardware_type\":\"BIOMETRIC\",\"is_lock\":false,\"seconds\":0,\"milliseconds\":0},\"response\":\"{\\\"status\\\":false,\\\"message\\\":\\\"Something went wrong while creating biometric log\\\",\\\"error\\\":\\\"Cannot read properties of null (reading 'id')\\\"}\",\"duration_ms\":3615.74629}" source=console
time="2025-12-31T07:37:29Z" level=error msg="{\"ts\":\"2025-12-31T07:37:29.496Z\",\"type\":\"BIOMETRIC_ATTENDANCE_FAILED\",\"vu\":49,\"iteration\":0,\"endpoint\":\"/v1/attendance-management/biometric/create\",\"status\":500,\"payload\":{\"employee_fid\":0,\"device_user_id\":\"0\",\"date\":\"2025-12-31T09:04:00.000Z\",\"hours\":8,\"minutes\":24,\"in_out_flag\":\"IN\",\"hardware_type\":\"BIOMETRIC\",\"is_lock\":false,\"seconds\":0,\"milliseconds\":0},\"response\":\"{\\\"status\\\":false,\\\"message\\\":\\\"Something went wrong while creating biometric log\\\",\\\"error\\\":\\\"Cannot read properties of null (reading 'id')\\\"}\",\"duration_ms\":3342.058253}" source=console
time="2025-12-31T07:37:29Z" level=error msg="{\"ts\":\"2025-12-31T07:37:29.496Z\",\"type\":\"BIOMETRIC_ATTENDANCE_FAILED\",\"vu\":95,\"iteration\":0,\"endpoint\":\"/v1/attendance-management/biometric/create\",\"status\":500,\"payload\":{\"employee_fid\":0,\"device_user_id\":\"0\",\"date\":\"2025-12-31T08:59:00.000Z\",\"hours\":8,\"minutes\":32,\"in_out_flag\":\"IN\",\"hardware_type\":\"BIOMETRIC\",\"is_lock\":false,\"seconds\":0,\"milliseconds\":0},\"response\":\"{\\\"status\\\":false,\\\"message\\\":\\\"Something went wrong while creating biometric log\\\",\\\"error\\\":\\\"Cannot read properties of null (reading 'id')\\\"}\",\"duration_ms\":3477.755558}" source=console
time="2025-12-31T07:37:29Z" level=error msg="{\"ts\":\"2025-12-31T07:37:29.496Z\",\"type\":\"BIOMETRIC_ATTENDANCE_FAILED\",\"vu\":86,\"iteration\":0,\"endpoint\":\"/v1/attendance-management/biometric/create\",\"status\":500,\"payload\":{\"employee_fid\":0,\"device_user_id\":\"0\",\"date\":\"2025-12-31T08:54:00.000Z\",\"hours\":8,\"minutes\":41,\"in_out_flag\":\"IN\",\"hardware_type\":\"BIOMETRIC\",\"is_lock\":false,\"seconds\":0,\"milliseconds\":0},\"response\":\"{\\\"status\\\":false,\\\"message\\\":\\\"Something went wrong while creating biometric log\\\",\\\"error\\\":\\\"Cannot read properties of null (reading 'id')\\\"}\",\"duration_ms\":3409.089645}" source=console
time="2025-12-31T07:37:29Z" level=error msg="{\"ts\":\"2025-12-31T07:37:29.514Z\",\"type\":\"BIOMETRIC_ATTENDANCE_FAILED\",\"vu\":3,\"iteration\":0,\"endpoint\":\"/v1/attendance-management/biometric/create\",\"status\":500,\"payload\":{\"employee_fid\":0,\"device_user_id\":\"0\",\"date\":\"2025-12-31T08:45:00.000Z\",\"hours\":9,\"minutes\":11,\"in_out_flag\":\"IN\",\"hardware_type\":\"BIOMETRIC\",\"is_lock\":false,\"seconds\":0,\"milliseconds\":0},\"response\":\"{\\\"status\\\":false,\\\"message\\\":\\\"Something went wrong while creating biometric log\\\",\\\"error\\\":\\\"Cannot read properties of null (reading 'id')\\\"}\",\"duration_ms\":3279.482128}" source=console
time="2025-12-31T07:37:29Z" level=error msg="{\"ts\":\"2025-12-31T07:37:29.514Z\",\"type\":\"BIOMETRIC_ATTENDANCE_FAILED\",\"vu\":66,\"iteration\":0,\"endpoint\":\"/v1/attendance-management/biometric/create\",\"status\":500,\"payload\":{\"employee_fid\":0,\"device_user_id\":\"0\",\"date\":\"2025-12-31T08:54:00.000Z\",\"hours\":8,\"minutes\":45,\"in_out_flag\":\"IN\",\"hardware_type\":\"BIOMETRIC\",\"is_lock\":false,\"seconds\":0,\"milliseconds\":0},\"response\":\"{\\\"status\\\":false,\\\"message\\\":\\\"Something went wrong while creating biometric log\\\",\\\"error\\\":\\\"Cannot read properties of null (reading 'id')\\\"}\",\"duration_ms\":3139.022799}" source=console
time="2025-12-31T07:37:29Z" level=error msg="{\"ts\":\"2025-12-31T07:37:29.514Z\",\"type\":\"BIOMETRIC_ATTENDANCE_FAILED\",\"vu\":69,\"iteration\":0,\"endpoint\":\"/v1/attendance-management/biometric/create\",\"status\":500,\"payload\":{\"employee_fid\":0,\"device_user_id\":\"0\",\"date\":\"2025-12-31T08:52:00.000Z\",\"hours\":9,\"minutes\":52,\"in_out_flag\":\"IN\",\"hardware_type\":\"BIOMETRIC\",\"is_lock\":false,\"seconds\":0,\"milliseconds\":0},\"response\":\"{\\\"status\\\":false,\\\"message\\\":\\\"Something went wrong while creating biometric log\\\",\\\"error\\\":\\\"Cannot read properties of null (reading 'id')\\\"}\",\"duration_ms\":3202.489427}" source=console
time="2025-12-31T07:37:29Z" level=error msg="{\"ts\":\"2025-12-31T07:37:29.529Z\",\"type\":\"BIOMETRIC_ATTENDANCE_FAILED\",\"vu\":63,\"iteration\":0,\"endpoint\":\"/v1/attendance-management/biometric/create\",\"status\":500,\"payload\":{\"employee_fid\":0,\"device_user_id\":\"0\",\"date\":\"2025-12-31T09:01:00.000Z\",\"hours\":8,\"minutes\":57,\"in_out_flag\":\"IN\",\"hardware_type\":\"BIOMETRIC\",\"is_lock\":false,\"seconds\":0,\"milliseconds\":0},\"response\":\"{\\\"status\\\":false,\\\"message\\\":\\\"Something went wrong while creating biometric log\\\",\\\"error\\\":\\\"Cannot read properties of null (reading 'id')\\\"}\",\"duration_ms\":2999.624658}" source=console
time="2025-12-31T07:37:29Z" level=error msg="{\"ts\":\"2025-12-31T07:37:29.529Z\",\"type\":\"BIOMETRIC_ATTENDANCE_FAILED\",\"vu\":8,\"iteration\":0,\"endpoint\":\"/v1/attendance-management/biometric/create\",\"status\":500,\"payload\":{\"employee_fid\":0,\"device_user_id\":\"0\",\"date\":\"2025-12-31T09:07:00.000Z\",\"hours\":8,\"minutes\":0,\"in_out_flag\":\"IN\",\"hardware_type\":\"BIOMETRIC\",\"is_lock\":false,\"seconds\":0,\"milliseconds\":0},\"response\":\"{\\\"status\\\":false,\\\"message\\\":\\\"Something went wrong while creating biometric log\\\",\\\"error\\\":\\\"Cannot read properties of null (reading 'id')\\\"}\",\"duration_ms\":2999.757299}" source=console
time="2025-12-31T07:37:29Z" level=error msg="{\"ts\":\"2025-12-31T07:37:29.529Z\",\"type\":\"BIOMETRIC_ATTENDANCE_FAILED\",\"vu\":68,\"iteration\":0,\"endpoint\":\"/v1/attendance-management/biometric/create\",\"status\":500,\"payload\":{\"employee_fid\":0,\"device_user_id\":\"0\",\"date\":\"2025-12-31T08:53:00.000Z\",\"hours\":9,\"minutes\":46,\"in_out_flag\":\"IN\",\"hardware_type\":\"BIOMETRIC\",\"is_lock\":false,\"seconds\":0,\"milliseconds\":0},\"response\":\"{\\\"status\\\":false,\\\"message\\\":\\\"Something went wrong while creating biometric log\\\",\\\"error\\\":\\\"Cannot read properties of null (reading 'id')\\\"}\",\"duration_ms\":3138.234716}" source=console
time="2025-12-31T07:37:29Z" level=error msg="{\"ts\":\"2025-12-31T07:37:29.538Z\",\"type\":\"BIOMETRIC_ATTENDANCE_FAILED\",\"vu\":75,\"iteration\":0,\"endpoint\":\"/v1/attendance-management/biometric/create\",\"status\":500,\"payload\":{\"employee_fid\":0,\"device_user_id\":\"0\",\"date\":\"2025-12-31T08:53:00.000Z\",\"hours\":8,\"minutes\":46,\"in_out_flag\":\"IN\",\"hardware_type\":\"BIOMETRIC\",\"is_lock\":false,\"seconds\":0,\"milliseconds\":0},\"response\":\"{\\\"status\\\":false,\\\"message\\\":\\\"Something went wrong while creating biometric log\\\",\\\"error\\\":\\\"Cannot read properties of null (reading 'id')\\\"}\",\"duration_ms\":2932.905238}" source=console
time="2025-12-31T07:37:29Z" level=error msg="{\"ts\":\"2025-12-31T07:37:29.538Z\",\"type\":\"BIOMETRIC_ATTENDANCE_FAILED\",\"vu\":5,\"iteration\":0,\"endpoint\":\"/v1/attendance-management/biometric/create\",\"status\":500,\"payload\":{\"employee_fid\":0,\"device_user_id\":\"0\",\"date\":\"2025-12-31T09:07:00.000Z\",\"hours\":9,\"minutes\":31,\"in_out_flag\":\"IN\",\"hardware_type\":\"BIOMETRIC\",\"is_lock\":false,\"seconds\":0,\"milliseconds\":0},\"response\":\"{\\\"status\\\":false,\\\"message\\\":\\\"Something went wrong while creating biometric log\\\",\\\"error\\\":\\\"Cannot read properties of null (reading 'id')\\\"}\",\"duration_ms\":2865.798118}" source=console
time="2025-12-31T07:37:29Z" level=error msg="{\"ts\":\"2025-12-31T07:37:29.561Z\",\"type\":\"BIOMETRIC_ATTENDANCE_FAILED\",\"vu\":57,\"iteration\":0,\"endpoint\":\"/v1/attendance-management/biometric/create\",\"status\":500,\"payload\":{\"employee_fid\":0,\"device_user_id\":\"0\",\"date\":\"2025-12-31T08:45:00.000Z\",\"hours\":9,\"minutes\":23,\"in_out_flag\":\"IN\",\"hardware_type\":\"BIOMETRIC\",\"is_lock\":false,\"seconds\":0,\"milliseconds\":0},\"response\":\"{\\\"status\\\":false,\\\"message\\\":\\\"Something went wrong while creating biometric log\\\",\\\"error\\\":\\\"Cannot read properties of null (reading 'id')\\\"}\",\"duration_ms\":2818.192065}" source=console
time="2025-12-31T07:37:29Z" level=error msg="{\"ts\":\"2025-12-31T07:37:29.561Z\",\"type\":\"BIOMETRIC_ATTENDANCE_FAILED\",\"vu\":10,\"iteration\":0,\"endpoint\":\"/v1/attendance-management/biometric/create\",\"status\":500,\"payload\":{\"employee_fid\":0,\"device_user_id\":\"0\",\"date\":\"2025-12-31T09:07:00.000Z\",\"hours\":8,\"minutes\":29,\"in_out_flag\":\"IN\",\"hardware_type\":\"BIOMETRIC\",\"is_lock\":false,\"seconds\":0,\"milliseconds\":0},\"response\":\"{\\\"status\\\":false,\\\"message\\\":\\\"Something went wrong while creating biometric log\\\",\\\"error\\\":\\\"Cannot read properties of null (reading 'id')\\\"}\",\"duration_ms\":2666.042055}" source=console
time="2025-12-31T07:37:29Z" level=error msg="{\"ts\":\"2025-12-31T07:37:29.579Z\",\"type\":\"BIOMETRIC_ATTENDANCE_FAILED\",\"vu\":74,\"iteration\":0,\"endpoint\":\"/v1/attendance-management/biometric/create\",\"status\":500,\"payload\":{\"employee_fid\":0,\"device_user_id\":\"0\",\"date\":\"2025-12-31T09:00:00.000Z\",\"hours\":9,\"minutes\":17,\"in_out_flag\":\"IN\",\"hardware_type\":\"BIOMETRIC\",\"is_lock\":false,\"seconds\":0,\"milliseconds\":0},\"response\":\"{\\\"status\\\":false,\\\"message\\\":\\\"Something went wrong while creating biometric log\\\",\\\"error\\\":\\\"Cannot read properties of null (reading 'id')\\\"}\",\"duration_ms\":2623.151905}" source=console
time="2025-12-31T07:37:29Z" level=error msg="{\"ts\":\"2025-12-31T07:37:29.579Z\",\"type\":\"BIOMETRIC_ATTENDANCE_FAILED\",\"vu\":9,\"iteration\":0,\"endpoint\":\"/v1/attendance-management/biometric/create\",\"status\":500,\"payload\":{\"employee_fid\":0,\"device_user_id\":\"0\",\"date\":\"2025-12-31T08:51:00.000Z\",\"hours\":8,\"minutes\":21,\"in_out_flag\":\"IN\",\"hardware_type\":\"BIOMETRIC\",\"is_lock\":false,\"seconds\":0,\"milliseconds\":0},\"response\":\"{\\\"status\\\":false,\\\"message\\\":\\\"Something went wrong while creating biometric log\\\",\\\"error\\\":\\\"Cannot read properties of null (reading 'id')\\\"}\",\"duration_ms\":2604.419638}" source=console
time="2025-12-31T07:37:29Z" level=error msg="{\"ts\":\"2025-12-31T07:37:29.594Z\",\"type\":\"BIOMETRIC_ATTENDANCE_FAILED\",\"vu\":94,\"iteration\":0,\"endpoint\":\"/v1/attendance-management/biometric/create\",\"status\":500,\"payload\":{\"employee_fid\":0,\"device_user_id\":\"0\",\"date\":\"2025-12-31T09:11:00.000Z\",\"hours\":8,\"minutes\":3,\"in_out_flag\":\"IN\",\"hardware_type\":\"BIOMETRIC\",\"is_lock\":false,\"seconds\":0,\"milliseconds\":0},\"response\":\"{\\\"status\\\":false,\\\"message\\\":\\\"Something went wrong while creating biometric log\\\",\\\"error\\\":\\\"Cannot read properties of null (reading 'id')\\\"}\",\"duration_ms\":2608.037682}" source=console
time="2025-12-31T07:37:29Z" level=error msg="{\"ts\":\"2025-12-31T07:37:29.594Z\",\"type\":\"BIOMETRIC_ATTENDANCE_FAILED\",\"vu\":77,\"iteration\":0,\"endpoint\":\"/v1/attendance-management/biometric/create\",\"status\":500,\"payload\":{\"employee_fid\":0,\"device_user_id\":\"0\",\"date\":\"2025-12-31T08:59:00.000Z\",\"hours\":9,\"minutes\":38,\"in_out_flag\":\"IN\",\"hardware_type\":\"BIOMETRIC\",\"is_lock\":false,\"seconds\":0,\"milliseconds\":0},\"response\":\"{\\\"status\\\":false,\\\"message\\\":\\\"Something went wrong while creating biometric log\\\",\\\"error\\\":\\\"Cannot read properties of null (reading 'id')\\\"}\",\"duration_ms\":2561.808655}" source=console
time="2025-12-31T07:37:29Z" level=error msg="{\"ts\":\"2025-12-31T07:37:29.594Z\",\"type\":\"BIOMETRIC_ATTENDANCE_FAILED\",\"vu\":16,\"iteration\":0,\"endpoint\":\"/v1/attendance-management/biometric/create\",\"status\":500,\"payload\":{\"employee_fid\":0,\"device_user_id\":\"0\",\"date\":\"2025-12-31T09:08:00.000Z\",\"hours\":8,\"minutes\":39,\"in_out_flag\":\"IN\",\"hardware_type\":\"BIOMETRIC\",\"is_lock\":false,\"seconds\":0,\"milliseconds\":0},\"response\":\"{\\\"status\\\":false,\\\"message\\\":\\\"Something went wrong while creating biometric log\\\",\\\"error\\\":\\\"Cannot read properties of null (reading 'id')\\\"}\",\"duration_ms\":2561.808615}" source=console
time="2025-12-31T07:37:29Z" level=error msg="{\"ts\":\"2025-12-31T07:37:29.594Z\",\"type\":\"BIOMETRIC_ATTENDANCE_FAILED\",\"vu\":2,\"iteration\":0,\"endpoint\":\"/v1/attendance-management/biometric/create\",\"status\":500,\"payload\":{\"employee_fid\":0,\"device_user_id\":\"0\",\"date\":\"2025-12-31T09:07:00.000Z\",\"hours\":8,\"minutes\":5,\"in_out_flag\":\"IN\",\"hardware_type\":\"BIOMETRIC\",\"is_lock\":false,\"seconds\":0,\"milliseconds\":0},\"response\":\"{\\\"status\\\":false,\\\"message\\\":\\\"Something went wrong while creating biometric log\\\",\\\"error\\\":\\\"Cannot read properties of null (reading 'id')\\\"}\",\"duration_ms\":2580.815748}" source=console
time="2025-12-31T07:37:29Z" level=error msg="{\"ts\":\"2025-12-31T07:37:29.594Z\",\"type\":\"BIOMETRIC_ATTENDANCE_FAILED\",\"vu\":92,\"iteration\":0,\"endpoint\":\"/v1/attendance-management/biometric/create\",\"status\":500,\"payload\":{\"employee_fid\":0,\"device_user_id\":\"0\",\"date\":\"2025-12-31T08:58:00.000Z\",\"hours\":9,\"minutes\":39,\"in_out_flag\":\"IN\",\"hardware_type\":\"BIOMETRIC\",\"is_lock\":false,\"seconds\":0,\"milliseconds\":0},\"response\":\"{\\\"status\\\":false,\\\"message\\\":\\\"Something went wrong while creating biometric log\\\",\\\"error\\\":\\\"Cannot read properties of null (reading 'id')\\\"}\",\"duration_ms\":2580.812778}" source=console
time="2025-12-31T07:37:29Z" level=error msg="{\"ts\":\"2025-12-31T07:37:29.612Z\",\"type\":\"BIOMETRIC_ATTENDANCE_FAILED\",\"vu\":7,\"iteration\":0,\"endpoint\":\"/v1/attendance-management/biometric/create\",\"status\":500,\"payload\":{\"employee_fid\":0,\"device_user_id\":\"0\",\"date\":\"2025-12-31T09:06:00.000Z\",\"hours\":9,\"minutes\":44,\"in_out_flag\":\"IN\",\"hardware_type\":\"BIOMETRIC\",\"is_lock\":false,\"seconds\":0,\"milliseconds\":0},\"response\":\"{\\\"status\\\":false,\\\"message\\\":\\\"Something went wrong while creating biometric log\\\",\\\"error\\\":\\\"Cannot read properties of null (reading 'id')\\\"}\",\"duration_ms\":1561.020234}" source=console
time="2025-12-31T07:37:29Z" level=error msg="{\"ts\":\"2025-12-31T07:37:29.612Z\",\"type\":\"BIOMETRIC_ATTENDANCE_FAILED\",\"vu\":39,\"iteration\":0,\"endpoint\":\"/v1/attendance-management/biometric/create\",\"status\":500,\"payload\":{\"employee_fid\":0,\"device_user_id\":\"0\",\"date\":\"2025-12-31T08:45:00.000Z\",\"hours\":9,\"minutes\":9,\"in_out_flag\":\"IN\",\"hardware_type\":\"BIOMETRIC\",\"is_lock\":false,\"seconds\":0,\"milliseconds\":0},\"response\":\"{\\\"status\\\":false,\\\"message\\\":\\\"Something went wrong while creating biometric log\\\",\\\"error\\\":\\\"Cannot read properties of null (reading 'id')\\\"}\",\"duration_ms\":1629.04983}" source=console
time="2025-12-31T07:37:29Z" level=error msg="{\"ts\":\"2025-12-31T07:37:29.625Z\",\"type\":\"BIOMETRIC_ATTENDANCE_FAILED\",\"vu\":46,\"iteration\":0,\"endpoint\":\"/v1/attendance-management/biometric/create\",\"status\":500,\"payload\":{\"employee_fid\":0,\"device_user_id\":\"0\",\"date\":\"2025-12-31T09:10:00.000Z\",\"hours\":8,\"minutes\":10,\"in_out_flag\":\"IN\",\"hardware_type\":\"BIOMETRIC\",\"is_lock\":false,\"seconds\":0,\"milliseconds\":0},\"response\":\"{\\\"status\\\":false,\\\"message\\\":\\\"Something went wrong while creating biometric log\\\",\\\"error\\\":\\\"Cannot read properties of null (reading 'id')\\\"}\",\"duration_ms\":1428.728709}" source=console
time="2025-12-31T07:37:29Z" level=error msg="{\"ts\":\"2025-12-31T07:37:29.625Z\",\"type\":\"BIOMETRIC_ATTENDANCE_FAILED\",\"vu\":34,\"iteration\":0,\"endpoint\":\"/v1/attendance-management/biometric/create\",\"status\":500,\"payload\":{\"employee_fid\":0,\"device_user_id\":\"0\",\"date\":\"2025-12-31T09:06:00.000Z\",\"hours\":9,\"minutes\":31,\"in_out_flag\":\"IN\",\"hardware_type\":\"BIOMETRIC\",\"is_lock\":false,\"seconds\":0,\"milliseconds\":0},\"response\":\"{\\\"status\\\":false,\\\"message\\\":\\\"Something went wrong while creating biometric log\\\",\\\"error\\\":\\\"Cannot read properties of null (reading 'id')\\\"}\",\"duration_ms\":1289.773004}" source=console
time="2025-12-31T07:37:29Z" level=error msg="{\"ts\":\"2025-12-31T07:37:29.625Z\",\"type\":\"BIOMETRIC_ATTENDANCE_FAILED\",\"vu\":1,\"iteration\":0,\"endpoint\":\"/v1/attendance-management/biometric/create\",\"status\":500,\"payload\":{\"employee_fid\":0,\"device_user_id\":\"0\",\"date\":\"2025-12-31T08:49:00.000Z\",\"hours\":8,\"minutes\":48,\"in_out_flag\":\"IN\",\"hardware_type\":\"BIOMETRIC\",\"is_lock\":false,\"seconds\":0,\"milliseconds\":0},\"response\":\"{\\\"status\\\":false,\\\"message\\\":\\\"Something went wrong while creating biometric log\\\",\\\"error\\\":\\\"Cannot read properties of null (reading 'id')\\\"}\",\"duration_ms\":932.437093}" source=console
time="2025-12-31T07:37:29Z" level=error msg="{\"ts\":\"2025-12-31T07:37:29.625Z\",\"type\":\"BIOMETRIC_ATTENDANCE_FAILED\",\"vu\":76,\"iteration\":0,\"endpoint\":\"/v1/attendance-management/biometric/create\",\"status\":500,\"payload\":{\"employee_fid\":0,\"device_user_id\":\"0\",\"date\":\"2025-12-31T08:50:00.000Z\",\"hours\":9,\"minutes\":38,\"in_out_flag\":\"IN\",\"hardware_type\":\"BIOMETRIC\",\"is_lock\":false,\"seconds\":0,\"milliseconds\":0},\"response\":\"{\\\"status\\\":false,\\\"message\\\":\\\"Something went wrong while creating biometric log\\\",\\\"error\\\":\\\"Cannot read properties of null (reading 'id')\\\"}\",\"duration_ms\":1506.647602}" source=console
time="2025-12-31T07:37:29Z" level=error msg="{\"ts\":\"2025-12-31T07:37:29.625Z\",\"type\":\"BIOMETRIC_ATTENDANCE_FAILED\",\"vu\":54,\"iteration\":0,\"endpoint\":\"/v1/attendance-management/biometric/create\",\"status\":500,\"payload\":{\"employee_fid\":0,\"device_user_id\":\"0\",\"date\":\"2025-12-31T09:07:00.000Z\",\"hours\":8,\"minutes\":51,\"in_out_flag\":\"IN\",\"hardware_type\":\"BIOMETRIC\",\"is_lock\":false,\"seconds\":0,\"milliseconds\":0},\"response\":\"{\\\"status\\\":false,\\\"message\\\":\\\"Something went wrong while creating biometric log\\\",\\\"error\\\":\\\"Cannot read properties of null (reading 'id')\\\"}\",\"duration_ms\":945.634466}" source=console
time="2025-12-31T07:37:29Z" level=error msg="{\"ts\":\"2025-12-31T07:37:29.625Z\",\"type\":\"BIOMETRIC_ATTENDANCE_FAILED\",\"vu\":24,\"iteration\":0,\"endpoint\":\"/v1/attendance-management/biometric/create\",\"status\":500,\"payload\":{\"employee_fid\":0,\"device_user_id\":\"0\",\"date\":\"2025-12-31T08:54:00.000Z\",\"hours\":8,\"minutes\":51,\"in_out_flag\":\"IN\",\"hardware_type\":\"BIOMETRIC\",\"is_lock\":false,\"seconds\":0,\"milliseconds\":0},\"response\":\"{\\\"status\\\":false,\\\"message\\\":\\\"Something went wrong while creating biometric log\\\",\\\"error\\\":\\\"Cannot read properties of null (reading 'id')\\\"}\",\"duration_ms\":1146.431529}" source=console
time="2025-12-31T07:37:29Z" level=error msg="{\"ts\":\"2025-12-31T07:37:29.625Z\",\"type\":\"BIOMETRIC_ATTENDANCE_FAILED\",\"vu\":87,\"iteration\":0,\"endpoint\":\"/v1/attendance-management/biometric/create\",\"status\":500,\"payload\":{\"employee_fid\":0,\"device_user_id\":\"0\",\"date\":\"2025-12-31T08:47:00.000Z\",\"hours\":9,\"minutes\":16,\"in_out_flag\":\"IN\",\"hardware_type\":\"BIOMETRIC\",\"is_lock\":false,\"seconds\":0,\"milliseconds\":0},\"response\":\"{\\\"status\\\":false,\\\"message\\\":\\\"Something went wrong while creating biometric log\\\",\\\"error\\\":\\\"Cannot read properties of null (reading 'id')\\\"}\",\"duration_ms\":1083.007394}" source=console
time="2025-12-31T07:37:29Z" level=error msg="{\"ts\":\"2025-12-31T07:37:29.625Z\",\"type\":\"BIOMETRIC_ATTENDANCE_FAILED\",\"vu\":27,\"iteration\":0,\"endpoint\":\"/v1/attendance-management/biometric/create\",\"status\":500,\"payload\":{\"employee_fid\":0,\"device_user_id\":\"0\",\"date\":\"2025-12-31T09:04:00.000Z\",\"hours\":9,\"minutes\":0,\"in_out_flag\":\"IN\",\"hardware_type\":\"BIOMETRIC\",\"is_lock\":false,\"seconds\":0,\"milliseconds\":0},\"response\":\"{\\\"status\\\":false,\\\"message\\\":\\\"Something went wrong while creating biometric log\\\",\\\"error\\\":\\\"Cannot read properties of null (reading 'id')\\\"}\",\"duration_ms\":1216.360705}" source=console
time="2025-12-31T07:37:29Z" level=error msg="{\"ts\":\"2025-12-31T07:37:29.626Z\",\"type\":\"BIOMETRIC_ATTENDANCE_FAILED\",\"vu\":88,\"iteration\":0,\"endpoint\":\"/v1/attendance-management/biometric/create\",\"status\":500,\"payload\":{\"employee_fid\":0,\"device_user_id\":\"0\",\"date\":\"2025-12-31T09:12:00.000Z\",\"hours\":8,\"minutes\":23,\"in_out_flag\":\"IN\",\"hardware_type\":\"BIOMETRIC\",\"is_lock\":false,\"seconds\":0,\"milliseconds\":0},\"response\":\"{\\\"status\\\":false,\\\"message\\\":\\\"Something went wrong while creating biometric log\\\",\\\"error\\\":\\\"Cannot read properties of null (reading 'id')\\\"}\",\"duration_ms\":1289.845727}" source=console
time="2025-12-31T07:37:29Z" level=error msg="{\"ts\":\"2025-12-31T07:37:29.639Z\",\"type\":\"BIOMETRIC_ATTENDANCE_FAILED\",\"vu\":84,\"iteration\":0,\"endpoint\":\"/v1/attendance-management/biometric/create\",\"status\":500,\"payload\":{\"employee_fid\":0,\"device_user_id\":\"0\",\"date\":\"2025-12-31T08:58:00.000Z\",\"hours\":8,\"minutes\":42,\"in_out_flag\":\"IN\",\"hardware_type\":\"BIOMETRIC\",\"is_lock\":false,\"seconds\":0,\"milliseconds\":0},\"response\":\"{\\\"status\\\":false,\\\"message\\\":\\\"Something went wrong while creating biometric log\\\",\\\"error\\\":\\\"Cannot read properties of null (reading 'id')\\\"}\",\"duration_ms\":851.244818}" source=console
time="2025-12-31T07:37:29Z" level=error msg="{\"ts\":\"2025-12-31T07:37:29.639Z\",\"type\":\"BIOMETRIC_ATTENDANCE_FAILED\",\"vu\":29,\"iteration\":0,\"endpoint\":\"/v1/attendance-management/biometric/create\",\"status\":500,\"payload\":{\"employee_fid\":0,\"device_user_id\":\"0\",\"date\":\"2025-12-31T09:03:00.000Z\",\"hours\":9,\"minutes\":43,\"in_out_flag\":\"IN\",\"hardware_type\":\"BIOMETRIC\",\"is_lock\":false,\"seconds\":0,\"milliseconds\":0},\"response\":\"{\\\"status\\\":false,\\\"message\\\":\\\"Something went wrong while creating biometric log\\\",\\\"error\\\":\\\"Cannot read properties of null (reading 'id')\\\"}\",\"duration_ms\":727.308374}" source=console
time="2025-12-31T07:37:29Z" level=error msg="{\"ts\":\"2025-12-31T07:37:29.639Z\",\"type\":\"BIOMETRIC_ATTENDANCE_FAILED\",\"vu\":33,\"iteration\":0,\"endpoint\":\"/v1/attendance-management/biometric/create\",\"status\":500,\"payload\":{\"employee_fid\":0,\"device_user_id\":\"0\",\"date\":\"2025-12-31T09:08:00.000Z\",\"hours\":9,\"minutes\":8,\"in_out_flag\":\"IN\",\"hardware_type\":\"BIOMETRIC\",\"is_lock\":false,\"seconds\":0,\"milliseconds\":0},\"response\":\"{\\\"status\\\":false,\\\"message\\\":\\\"Something went wrong while creating biometric log\\\",\\\"error\\\":\\\"Cannot read properties of null (reading 'id')\\\"}\",\"duration_ms\":714.506795}" source=console
time="2025-12-31T07:37:29Z" level=error msg="{\"ts\":\"2025-12-31T07:37:29.648Z\",\"type\":\"BIOMETRIC_ATTENDANCE_FAILED\",\"vu\":40,\"iteration\":0,\"endpoint\":\"/v1/attendance-management/biometric/create\",\"status\":500,\"payload\":{\"employee_fid\":0,\"device_user_id\":\"0\",\"date\":\"2025-12-31T09:10:00.000Z\",\"hours\":9,\"minutes\":42,\"in_out_flag\":\"IN\",\"hardware_type\":\"BIOMETRIC\",\"is_lock\":false,\"seconds\":0,\"milliseconds\":0},\"response\":\"{\\\"status\\\":false,\\\"message\\\":\\\"Something went wrong while creating biometric log\\\",\\\"error\\\":\\\"Cannot read properties of null (reading 'id')\\\"}\",\"duration_ms\":653.976993}" source=console
time="2025-12-31T07:37:29Z" level=error msg="{\"ts\":\"2025-12-31T07:37:29.648Z\",\"type\":\"BIOMETRIC_ATTENDANCE_FAILED\",\"vu\":45,\"iteration\":0,\"endpoint\":\"/v1/attendance-management/biometric/create\",\"status\":500,\"payload\":{\"employee_fid\":0,\"device_user_id\":\"0\",\"date\":\"2025-12-31T09:12:00.000Z\",\"hours\":9,\"minutes\":36,\"in_out_flag\":\"IN\",\"hardware_type\":\"BIOMETRIC\",\"is_lock\":false,\"seconds\":0,\"milliseconds\":0},\"response\":\"{\\\"status\\\":false,\\\"message\\\":\\\"Something went wrong while creating biometric log\\\",\\\"error\\\":\\\"Cannot read properties of null (reading 'id')\\\"}\",\"duration_ms\":613.247555}" source=console
time="2025-12-31T07:37:29Z" level=error msg="{\"ts\":\"2025-12-31T07:37:29.648Z\",\"type\":\"BIOMETRIC_ATTENDANCE_FAILED\",\"vu\":22,\"iteration\":0,\"endpoint\":\"/v1/attendance-management/biometric/create\",\"status\":500,\"payload\":{\"employee_fid\":0,\"device_user_id\":\"0\",\"date\":\"2025-12-31T09:11:00.000Z\",\"hours\":9,\"minutes\":46,\"in_out_flag\":\"IN\",\"hardware_type\":\"BIOMETRIC\",\"is_lock\":false,\"seconds\":0,\"milliseconds\":0},\"response\":\"{\\\"status\\\":false,\\\"message\\\":\\\"Something went wrong while creating biometric log\\\",\\\"error\\\":\\\"Cannot read properties of null (reading 'id')\\\"}\",\"duration_ms\":628.482238}" source=console
time="2025-12-31T07:37:29Z" level=error msg="{\"ts\":\"2025-12-31T07:37:29.648Z\",\"type\":\"BIOMETRIC_ATTENDANCE_FAILED\",\"vu\":15,\"iteration\":0,\"endpoint\":\"/v1/attendance-management/biometric/create\",\"status\":500,\"payload\":{\"employee_fid\":0,\"device_user_id\":\"0\",\"date\":\"2025-12-31T08:47:00.000Z\",\"hours\":8,\"minutes\":19,\"in_out_flag\":\"IN\",\"hardware_type\":\"BIOMETRIC\",\"is_lock\":false,\"seconds\":0,\"milliseconds\":0},\"response\":\"{\\\"status\\\":false,\\\"message\\\":\\\"Something went wrong while creating biometric log\\\",\\\"error\\\":\\\"Cannot read properties of null (reading 'id')\\\"}\",\"duration_ms\":642.582776}" source=console
time="2025-12-31T07:37:29Z" level=error msg="{\"ts\":\"2025-12-31T07:37:29.665Z\",\"type\":\"BIOMETRIC_ATTENDANCE_FAILED\",\"vu\":71,\"iteration\":0,\"endpoint\":\"/v1/attendance-management/biometric/create\",\"status\":500,\"payload\":{\"employee_fid\":0,\"device_user_id\":\"0\",\"date\":\"2025-12-31T09:15:00.000Z\",\"hours\":8,\"minutes\":9,\"in_out_flag\":\"IN\",\"hardware_type\":\"BIOMETRIC\",\"is_lock\":false,\"seconds\":0,\"milliseconds\":0},\"response\":\"{\\\"status\\\":false,\\\"message\\\":\\\"Something went wrong while creating biometric log\\\",\\\"error\\\":\\\"Cannot read properties of null (reading 'id')\\\"}\",\"duration_ms\":601.807647}" source=console
time="2025-12-31T07:37:29Z" level=error msg="{\"ts\":\"2025-12-31T07:37:29.665Z\",\"type\":\"BIOMETRIC_ATTENDANCE_FAILED\",\"vu\":31,\"iteration\":0,\"endpoint\":\"/v1/attendance-management/biometric/create\",\"status\":500,\"payload\":{\"employee_fid\":0,\"device_user_id\":\"0\",\"date\":\"2025-12-31T09:01:00.000Z\",\"hours\":8,\"minutes\":33,\"in_out_flag\":\"IN\",\"hardware_type\":\"BIOMETRIC\",\"is_lock\":false,\"seconds\":0,\"milliseconds\":0},\"response\":\"{\\\"status\\\":false,\\\"message\\\":\\\"Something went wrong while creating biometric log\\\",\\\"error\\\":\\\"Cannot read properties of null (reading 'id')\\\"}\",\"duration_ms\":618.797995}" source=console
time="2025-12-31T07:37:29Z" level=error msg="{\"ts\":\"2025-12-31T07:37:29.665Z\",\"type\":\"BIOMETRIC_ATTENDANCE_FAILED\",\"vu\":53,\"iteration\":0,\"endpoint\":\"/v1/attendance-management/biometric/create\",\"status\":500,\"payload\":{\"employee_fid\":0,\"device_user_id\":\"0\",\"date\":\"2025-12-31T09:14:00.000Z\",\"hours\":9,\"minutes\":59,\"in_out_flag\":\"IN\",\"hardware_type\":\"BIOMETRIC\",\"is_lock\":false,\"seconds\":0,\"milliseconds\":0},\"response\":\"{\\\"status\\\":false,\\\"message\\\":\\\"Something went wrong while creating biometric log\\\",\\\"error\\\":\\\"Cannot read properties of null (reading 'id')\\\"}\",\"duration_ms\":588.730771}" source=console
time="2025-12-31T07:37:29Z" level=error msg="{\"ts\":\"2025-12-31T07:37:29.675Z\",\"type\":\"BIOMETRIC_ATTENDANCE_FAILED\",\"vu\":93,\"iteration\":0,\"endpoint\":\"/v1/attendance-management/biometric/create\",\"status\":500,\"payload\":{\"employee_fid\":0,\"device_user_id\":\"0\",\"date\":\"2025-12-31T09:15:00.000Z\",\"hours\":8,\"minutes\":2,\"in_out_flag\":\"IN\",\"hardware_type\":\"BIOMETRIC\",\"is_lock\":false,\"seconds\":0,\"milliseconds\":0},\"response\":\"{\\\"status\\\":false,\\\"message\\\":\\\"Something went wrong while creating biometric log\\\",\\\"error\\\":\\\"Cannot read properties of null (reading 'id')\\\"}\",\"duration_ms\":586.982602}" source=console
time="2025-12-31T07:37:29Z" level=error msg="{\"ts\":\"2025-12-31T07:37:29.675Z\",\"type\":\"BIOMETRIC_ATTENDANCE_FAILED\",\"vu\":35,\"iteration\":0,\"endpoint\":\"/v1/attendance-management/biometric/create\",\"status\":500,\"payload\":{\"employee_fid\":0,\"device_user_id\":\"0\",\"date\":\"2025-12-31T08:51:00.000Z\",\"hours\":9,\"minutes\":34,\"in_out_flag\":\"IN\",\"hardware_type\":\"BIOMETRIC\",\"is_lock\":false,\"seconds\":0,\"milliseconds\":0},\"response\":\"{\\\"status\\\":false,\\\"message\\\":\\\"Something went wrong while creating biometric log\\\",\\\"error\\\":\\\"Cannot read properties of null (reading 'id')\\\"}\",\"duration_ms\":574.46056}" source=console
time="2025-12-31T07:37:29Z" level=info msg="[k6-reporter v3.0.3] Generating HTML summary report, with theme: default" source=console
[32m     ✓ login success[0m
[31m     ✗ biometric attendance status 201
      ↳  0% — ✓ 0 / ✗ 98[0m
[31m     ✗ biometric attendance has success response
      ↳  0% — ✓ 0 / ✗ 98[0m

     checks[2m.........................:[0m [36m33.33%[0m [36;2m✓ 98[0m        [36;2m✗ 196[0m 
     data_received[2m..................:[0m [36m614 kB[0m [36;2m72 kB/s[0m
     data_sent[2m......................:[0m [36m244 kB[0m [36;2m29 kB/s[0m
     http_req_blocked[2m...............:[0m avg=[36m628.96ms[0m min=[36m1.88µs[0m   med=[36m134.52ms[0m max=[36m3.38s[0m    p(90)=[36m3.35s[0m    p(95)=[36m3.37s[0m   
     http_req_connecting[2m............:[0m avg=[36m508.81ms[0m min=[36m0s[0m       med=[36m22.62ms[0m  max=[36m3.13s[0m    p(90)=[36m3.04s[0m    p(95)=[36m3.05s[0m   
     http_req_duration[2m..............:[0m avg=[36m3.17s[0m    min=[36m434.57ms[0m med=[36m3.61s[0m    max=[36m4.81s[0m    p(90)=[36m4.65s[0m    p(95)=[36m4.71s[0m   
       { expected_response:true }[2m...:[0m avg=[36m3.05s[0m    min=[36m434.57ms[0m med=[36m3.5s[0m     max=[36m4.58s[0m    p(90)=[36m4.5s[0m     p(95)=[36m4.54s[0m   
     http_req_failed[2m................:[0m [36m50.00%[0m [36;2m✓ 98[0m        [36;2m✗ 98[0m  
     http_req_receiving[2m.............:[0m avg=[36m71.97µs[0m  min=[36m20.28µs[0m  med=[36m71.12µs[0m  max=[36m211.23µs[0m p(90)=[36m102.34µs[0m p(95)=[36m118.26µs[0m
     http_req_sending[2m...............:[0m avg=[36m39.35µs[0m  min=[36m6.06µs[0m   med=[36m24.95µs[0m  max=[36m905.59µs[0m p(90)=[36m45.1µs[0m   p(95)=[36m74.45µs[0m 
     http_req_tls_handshaking[2m.......:[0m avg=[36m30.52ms[0m  min=[36m0s[0m       med=[36m17.16ms[0m  max=[36m117.03ms[0m p(90)=[36m76.63ms[0m  p(95)=[36m84.82ms[0m 
     http_req_waiting[2m...............:[0m avg=[36m3.17s[0m    min=[36m434.41ms[0m med=[36m3.61s[0m    max=[36m4.81s[0m    p(90)=[36m4.65s[0m    p(95)=[36m4.71s[0m   
     http_reqs[2m......................:[0m [36m196[0m    [36;2m22.959851/s[0m
     iteration_duration[2m.............:[0m avg=[36m7.57s[0m    min=[36m4.48s[0m    med=[36m8.24s[0m    max=[36m8.49s[0m    p(90)=[36m8.45s[0m    p(95)=[36m8.47s[0m   
     iterations[2m.....................:[0m [36m98[0m     [36;2m11.479926/s[0m
     vus[2m............................:[0m [36m60[0m     [36;2mmin=60[0m      [36;2mmax=98[0m
     vus_max[2m........................:[0m [36m98[0m     [36;2mmin=98[0m      [36;2mmax=98[0m
running (0m08.5s), 00/98 VUs, 98 complete and 0 interrupted iterations
morning_attendance ✓ [ 100% ] 98 VUs  0m08.5s/5m0s  98/98 iters, 1 per VU

==================================================
Test Summary
==================================================
Exit Code:    0
Duration:     10 seconds
End Time:     Wed Dec 31 07:37:30 UTC 2025
Status:       SUCCESS
==================================================
