==========================================
K6 Test Execution Summary
==========================================
Start time: Fri Jan  2 10:29:22 UTC 2026
Configuration: /k6/test-config.json
Total tests available: 4
Tests selected: 1
Run all: false
Include tests: employee-central/createBulkUsers.js
Exclude tests: user/98vulogin.js,payroll-compensation/50vuPayrollCheck.js,attendance_leave_management/morningBiometricAttendance.js
==========================================

--------------------------------------------------
Test: createBulkUsers
Module: employee-central
File: /k6/modules/employee-central/createBulkUsers.js
Started: Fri Jan  2 10:29:22 UTC 2026
Log: employee-central_createBulkUsers_20260102_102922.log
Completed:    Fri Jan  2 11:02:28 UTC 2026
Duration:     1986s
Status:       SUCCESS
Exit Code:    0

==========================================
Execution Completed
==========================================
End time: Fri Jan  2 11:02:28 UTC 2026
Total tests executed: 1
==========================================
