==================================================
K6 Test Execution Detailed Log
==================================================
Test Name:    50vuPayrollCheck
Module:       payroll-compensation
File:         /k6/modules/payroll-compensation/50vuPayrollCheck.js
Start Time:   Wed Dec 31 07:09:10 UTC 2025
Log File:     /k6/logs/payroll-compensation_50vuPayrollCheck_20251231_070910.log
Execution:    1 of 1
Configuration: /k6/test-config.json
==================================================

=== K6 Output ===


         /\      Grafana   /‾‾/  
    /\  /  \     |\  __   /  /   
   /  \/    \    | |/ /  /   ‾‾\ 
  /          \   |   (  |  (‾)  |
 / __________ \  |_|\_\  \_____/ 

     execution: local
        script: /k6/modules/payroll-compensation/50vuPayrollCheck.js
        output: -

     scenarios: (100.00%) 1 scenario, 50 max VUs, 5m30s max duration (incl. graceful stop):
              * payroll_check: 1 iterations for each of 50 VUs (maxDuration: 5m0s, gracefulStop: 30s)


running (0m01.0s), 50/50 VUs, 0 complete and 0 interrupted iterations
payroll_check   [   0% ] 50 VUs  0m01.0s/5m0s  00/50 iters, 1 per VU

running (0m02.0s), 50/50 VUs, 0 complete and 0 interrupted iterations
payroll_check   [   0% ] 50 VUs  0m02.0s/5m0s  00/50 iters, 1 per VU

running (0m03.0s), 50/50 VUs, 0 complete and 0 interrupted iterations
payroll_check   [   0% ] 50 VUs  0m03.0s/5m0s  00/50 iters, 1 per VU

running (0m04.0s), 50/50 VUs, 0 complete and 0 interrupted iterations
payroll_check   [   0% ] 50 VUs  0m04.0s/5m0s  00/50 iters, 1 per VU

running (0m05.0s), 50/50 VUs, 0 complete and 0 interrupted iterations
payroll_check   [   0% ] 50 VUs  0m05.0s/5m0s  00/50 iters, 1 per VU

running (0m06.0s), 50/50 VUs, 0 complete and 0 interrupted iterations
payroll_check   [   0% ] 50 VUs  0m06.0s/5m0s  00/50 iters, 1 per VU

running (0m07.0s), 50/50 VUs, 0 complete and 0 interrupted iterations
payroll_check   [   0% ] 50 VUs  0m07.0s/5m0s  00/50 iters, 1 per VU

running (0m08.0s), 44/50 VUs, 6 complete and 0 interrupted iterations
payroll_check   [  12% ] 50 VUs  0m08.0s/5m0s  06/50 iters, 1 per VU

running (0m09.0s), 25/50 VUs, 25 complete and 0 interrupted iterations
payroll_check   [  50% ] 50 VUs  0m09.0s/5m0s  25/50 iters, 1 per VU

running (0m10.0s), 01/50 VUs, 49 complete and 0 interrupted iterations
payroll_check   [  98% ] 50 VUs  0m10.0s/5m0s  49/50 iters, 1 per VU
time="2025-12-31T07:09:20Z" level=info msg="[k6-reporter v3.0.3] Generating HTML summary report, with theme: default" source=console
[32m     ✓ login success[0m
[32m     ✓ /v1/payroll-compensation/payroll-head-configuration/get-all status 200[0m
[32m     ✓ /v1/payroll-compensation/salary-structures/get-all status 200[0m
[32m     ✓ /v1/payroll-compensation/slab-directory/get-all status 200[0m

     checks[2m.........................:[0m [36m100.00%[0m [36;2m✓ 200[0m       [36;2m✗ 0[0m   
     data_received[2m..................:[0m [36m32 MB[0m   [36;2m3.1 MB/s[0m
     data_sent[2m......................:[0m [36m163 kB[0m  [36;2m16 kB/s[0m
     http_req_blocked[2m...............:[0m avg=[36m36.57ms[0m  min=[36m1.08µs[0m  med=[36m4.15µs[0m  max=[36m167.03ms[0m p(90)=[36m147.58ms[0m p(95)=[36m151.7ms[0m 
     http_req_connecting[2m............:[0m avg=[36m13.65ms[0m  min=[36m0s[0m      med=[36m0s[0m      max=[36m69.09ms[0m  p(90)=[36m57.12ms[0m  p(95)=[36m63.2ms[0m  
     http_req_duration[2m..............:[0m avg=[36m1.39s[0m    min=[36m45.31ms[0m med=[36m1.38s[0m   max=[36m3.51s[0m    p(90)=[36m3s[0m       p(95)=[36m3.3s[0m    
       { expected_response:true }[2m...:[0m avg=[36m1.39s[0m    min=[36m45.31ms[0m med=[36m1.38s[0m   max=[36m3.51s[0m    p(90)=[36m3s[0m       p(95)=[36m3.3s[0m    
     http_req_failed[2m................:[0m [36m0.00%[0m   [36;2m✓ 0[0m         [36;2m✗ 200[0m 
     http_req_receiving[2m.............:[0m avg=[36m142.53ms[0m min=[36m33.16µs[0m med=[36m96.75µs[0m max=[36m1.53s[0m    p(90)=[36m526.14ms[0m p(95)=[36m703.46ms[0m
     http_req_sending[2m...............:[0m avg=[36m26.86µs[0m  min=[36m3.66µs[0m  med=[36m20.99µs[0m max=[36m239.1µs[0m  p(90)=[36m46.81µs[0m  p(95)=[36m66.4µs[0m  
     http_req_tls_handshaking[2m.......:[0m avg=[36m9.79ms[0m   min=[36m0s[0m      med=[36m0s[0m      max=[36m48.2ms[0m   p(90)=[36m39.26ms[0m  p(95)=[36m43.48ms[0m 
     http_req_waiting[2m...............:[0m avg=[36m1.25s[0m    min=[36m45.22ms[0m med=[36m1s[0m      max=[36m3.51s[0m    p(90)=[36m3s[0m       p(95)=[36m3.3s[0m    
     http_reqs[2m......................:[0m [36m200[0m     [36;2m19.707001/s[0m
     iteration_duration[2m.............:[0m avg=[36m8.74s[0m    min=[36m7.69s[0m   med=[36m8.85s[0m   max=[36m10.14s[0m   p(90)=[36m9.21s[0m    p(95)=[36m9.23s[0m   
     iterations[2m.....................:[0m [36m50[0m      [36;2m4.92675/s[0m
     vus[2m............................:[0m [36m1[0m       [36;2mmin=1[0m       [36;2mmax=50[0m
     vus_max[2m........................:[0m [36m50[0m      [36;2mmin=50[0m      [36;2mmax=50[0m
running (0m10.1s), 00/50 VUs, 50 complete and 0 interrupted iterations
payroll_check ✓ [ 100% ] 50 VUs  0m10.1s/5m0s  50/50 iters, 1 per VU

==================================================
Test Summary
==================================================
Exit Code:    0
Duration:     11 seconds
End Time:     Wed Dec 31 07:09:21 UTC 2025
Status:       SUCCESS
==================================================
