==================================================
K6 Test Execution Detailed Log
==================================================
Test Name:    50vuPayrollCheck
Module:       payroll-compensation
File:         /k6/modules/payroll-compensation/50vuPayrollCheck.js
Start Time:   Wed Dec 31 07:37:32 UTC 2025
Log File:     /k6/logs/payroll-compensation_50vuPayrollCheck_20251231_073732.log
Execution:    2 of 2
Configuration: /k6/test-config.json
==================================================

=== K6 Output ===


         /\      Grafana   /‾‾/  
    /\  /  \     |\  __   /  /   
   /  \/    \    | |/ /  /   ‾‾\ 
  /          \   |   (  |  (‾)  |
 / __________ \  |_|\_\  \_____/ 

     execution: local
        script: /k6/modules/payroll-compensation/50vuPayrollCheck.js
        output: -

     scenarios: (100.00%) 1 scenario, 50 max VUs, 5m30s max duration (incl. graceful stop):
              * payroll_check: 1 iterations for each of 50 VUs (maxDuration: 5m0s, gracefulStop: 30s)


running (0m01.0s), 50/50 VUs, 0 complete and 0 interrupted iterations
payroll_check   [   0% ] 50 VUs  0m01.0s/5m0s  00/50 iters, 1 per VU

running (0m02.0s), 50/50 VUs, 0 complete and 0 interrupted iterations
payroll_check   [   0% ] 50 VUs  0m02.0s/5m0s  00/50 iters, 1 per VU

running (0m03.0s), 50/50 VUs, 0 complete and 0 interrupted iterations
payroll_check   [   0% ] 50 VUs  0m03.0s/5m0s  00/50 iters, 1 per VU

running (0m04.0s), 50/50 VUs, 0 complete and 0 interrupted iterations
payroll_check   [   0% ] 50 VUs  0m04.0s/5m0s  00/50 iters, 1 per VU

running (0m05.0s), 50/50 VUs, 0 complete and 0 interrupted iterations
payroll_check   [   0% ] 50 VUs  0m05.0s/5m0s  00/50 iters, 1 per VU

running (0m06.0s), 50/50 VUs, 0 complete and 0 interrupted iterations
payroll_check   [   0% ] 50 VUs  0m06.0s/5m0s  00/50 iters, 1 per VU

running (0m07.0s), 50/50 VUs, 0 complete and 0 interrupted iterations
payroll_check   [   0% ] 50 VUs  0m07.0s/5m0s  00/50 iters, 1 per VU

running (0m08.0s), 50/50 VUs, 0 complete and 0 interrupted iterations
payroll_check   [   0% ] 50 VUs  0m08.0s/5m0s  00/50 iters, 1 per VU

running (0m09.0s), 22/50 VUs, 28 complete and 0 interrupted iterations
payroll_check   [  56% ] 50 VUs  0m09.0s/5m0s  28/50 iters, 1 per VU
time="2025-12-31T07:37:42Z" level=info msg="[k6-reporter v3.0.3] Generating HTML summary report, with theme: default" source=console
[32m     ✓ login success[0m
[32m     ✓ /v1/payroll-compensation/payroll-head-configuration/get-all status 200[0m
[32m     ✓ /v1/payroll-compensation/salary-structures/get-all status 200[0m
[32m     ✓ /v1/payroll-compensation/slab-directory/get-all status 200[0m

     checks[2m.........................:[0m [36m100.00%[0m [36;2m✓ 200[0m       [36;2m✗ 0[0m   
     data_received[2m..................:[0m [36m32 MB[0m   [36;2m3.2 MB/s[0m
     data_sent[2m......................:[0m [36m163 kB[0m  [36;2m17 kB/s[0m
     http_req_blocked[2m...............:[0m avg=[36m36.29ms[0m min=[36m1.83µs[0m  med=[36m5.09µs[0m   max=[36m181.46ms[0m p(90)=[36m147.08ms[0m p(95)=[36m150.23ms[0m
     http_req_connecting[2m............:[0m avg=[36m11.28ms[0m min=[36m0s[0m      med=[36m0s[0m       max=[36m64.74ms[0m  p(90)=[36m46.63ms[0m  p(95)=[36m50.66ms[0m 
     http_req_duration[2m..............:[0m avg=[36m1.43s[0m   min=[36m59.52ms[0m med=[36m1.34s[0m    max=[36m3.54s[0m    p(90)=[36m3.01s[0m    p(95)=[36m3.31s[0m   
       { expected_response:true }[2m...:[0m avg=[36m1.43s[0m   min=[36m59.52ms[0m med=[36m1.34s[0m    max=[36m3.54s[0m    p(90)=[36m3.01s[0m    p(95)=[36m3.31s[0m   
     http_req_failed[2m................:[0m [36m0.00%[0m   [36;2m✓ 0[0m         [36;2m✗ 200[0m 
     http_req_receiving[2m.............:[0m avg=[36m72.13ms[0m min=[36m18.63µs[0m med=[36m119.01µs[0m max=[36m783.47ms[0m p(90)=[36m273.21ms[0m p(95)=[36m320.65ms[0m
     http_req_sending[2m...............:[0m avg=[36m26.48µs[0m min=[36m5.38µs[0m  med=[36m23.46µs[0m  max=[36m179.1µs[0m  p(90)=[36m34.77µs[0m  p(95)=[36m58.2µs[0m  
     http_req_tls_handshaking[2m.......:[0m avg=[36m9.96ms[0m  min=[36m0s[0m      med=[36m0s[0m       max=[36m56.98ms[0m  p(90)=[36m40.67ms[0m  p(95)=[36m44.22ms[0m 
     http_req_waiting[2m...............:[0m avg=[36m1.36s[0m   min=[36m59.42ms[0m med=[36m1.21s[0m    max=[36m3.53s[0m    p(90)=[36m3s[0m       p(95)=[36m3.31s[0m   
     http_reqs[2m......................:[0m [36m200[0m     [36;2m20.368336/s[0m
     iteration_duration[2m.............:[0m avg=[36m8.9s[0m    min=[36m8.3s[0m    med=[36m8.75s[0m    max=[36m9.81s[0m    p(90)=[36m9.49s[0m    p(95)=[36m9.58s[0m   
     iterations[2m.....................:[0m [36m50[0m      [36;2m5.092084/s[0m
     vus[2m............................:[0m [36m22[0m      [36;2mmin=22[0m      [36;2mmax=50[0m
     vus_max[2m........................:[0m [36m50[0m      [36;2mmin=50[0m      [36;2mmax=50[0m
running (0m09.8s), 00/50 VUs, 50 complete and 0 interrupted iterations
payroll_check ✓ [ 100% ] 50 VUs  0m09.8s/5m0s  50/50 iters, 1 per VU

==================================================
Test Summary
==================================================
Exit Code:    0
Duration:     10 seconds
End Time:     Wed Dec 31 07:37:42 UTC 2025
Status:       SUCCESS
==================================================
