==================================================
K6 Test Execution Detailed Log
==================================================
Test Name:    50vuPayrollCheck
Module:       payroll-compensation
File:         /k6/modules/payroll-compensation/50vuPayrollCheck.js
Start Time:   Wed Dec 31 09:51:18 UTC 2025
Log File:     /k6/logs/payroll-compensation_50vuPayrollCheck_20251231_095118.log
Execution:    2 of 2
Configuration: /k6/test-config.json
==================================================

=== K6 Output ===


         /\      Grafana   /‾‾/  
    /\  /  \     |\  __   /  /   
   /  \/    \    | |/ /  /   ‾‾\ 
  /          \   |   (  |  (‾)  |
 / __________ \  |_|\_\  \_____/ 

     execution: local
        script: /k6/modules/payroll-compensation/50vuPayrollCheck.js
        output: -

     scenarios: (100.00%) 1 scenario, 50 max VUs, 5m30s max duration (incl. graceful stop):
              * payroll_check: 1 iterations for each of 50 VUs (maxDuration: 5m0s, gracefulStop: 30s)


running (0m01.0s), 50/50 VUs, 0 complete and 0 interrupted iterations
payroll_check   [   0% ] 50 VUs  0m01.0s/5m0s  00/50 iters, 1 per VU

running (0m02.0s), 50/50 VUs, 0 complete and 0 interrupted iterations
payroll_check   [   0% ] 50 VUs  0m02.0s/5m0s  00/50 iters, 1 per VU

running (0m03.0s), 50/50 VUs, 0 complete and 0 interrupted iterations
payroll_check   [   0% ] 50 VUs  0m03.0s/5m0s  00/50 iters, 1 per VU

running (0m04.0s), 50/50 VUs, 0 complete and 0 interrupted iterations
payroll_check   [   0% ] 50 VUs  0m04.0s/5m0s  00/50 iters, 1 per VU

running (0m05.0s), 50/50 VUs, 0 complete and 0 interrupted iterations
payroll_check   [   0% ] 50 VUs  0m05.0s/5m0s  00/50 iters, 1 per VU

running (0m06.0s), 50/50 VUs, 0 complete and 0 interrupted iterations
payroll_check   [   0% ] 50 VUs  0m06.0s/5m0s  00/50 iters, 1 per VU

running (0m07.0s), 50/50 VUs, 0 complete and 0 interrupted iterations
payroll_check   [   0% ] 50 VUs  0m07.0s/5m0s  00/50 iters, 1 per VU

running (0m08.0s), 47/50 VUs, 3 complete and 0 interrupted iterations
payroll_check   [   6% ] 50 VUs  0m08.0s/5m0s  03/50 iters, 1 per VU

running (0m09.0s), 11/50 VUs, 39 complete and 0 interrupted iterations
payroll_check   [  78% ] 50 VUs  0m09.0s/5m0s  39/50 iters, 1 per VU
time="2025-12-31T09:51:27Z" level=info msg="[k6-reporter v3.0.3] Generating HTML summary report, with theme: default" source=console
[32m     ✓ login success[0m
[32m     ✓ /v1/payroll-compensation/payroll-head-configuration/get-all status 200[0m
[32m     ✓ /v1/payroll-compensation/salary-structures/get-all status 200[0m
[32m     ✓ /v1/payroll-compensation/slab-directory/get-all status 200[0m

     checks[2m.........................:[0m [36m100.00%[0m [36;2m✓ 200[0m       [36;2m✗ 0[0m   
     data_received[2m..................:[0m [36m32 MB[0m   [36;2m3.4 MB/s[0m
     data_sent[2m......................:[0m [36m163 kB[0m  [36;2m18 kB/s[0m
     http_req_blocked[2m...............:[0m avg=[36m36.86ms[0m min=[36m1.69µs[0m  med=[36m4.6µs[0m    max=[36m165.69ms[0m p(90)=[36m155.13ms[0m p(95)=[36m158.34ms[0m
     http_req_connecting[2m............:[0m avg=[36m12.56ms[0m min=[36m0s[0m      med=[36m0s[0m       max=[36m61.29ms[0m  p(90)=[36m53.06ms[0m  p(95)=[36m56.32ms[0m 
     http_req_duration[2m..............:[0m avg=[36m1.34s[0m   min=[36m44.83ms[0m med=[36m1.14s[0m    max=[36m3.67s[0m    p(90)=[36m3.14s[0m    p(95)=[36m3.41s[0m   
       { expected_response:true }[2m...:[0m avg=[36m1.34s[0m   min=[36m44.83ms[0m med=[36m1.14s[0m    max=[36m3.67s[0m    p(90)=[36m3.14s[0m    p(95)=[36m3.41s[0m   
     http_req_failed[2m................:[0m [36m0.00%[0m   [36;2m✓ 0[0m         [36;2m✗ 200[0m 
     http_req_receiving[2m.............:[0m avg=[36m72.39ms[0m min=[36m37.83µs[0m med=[36m99.75µs[0m  max=[36m759.11ms[0m p(90)=[36m266.63ms[0m p(95)=[36m320.62ms[0m
     http_req_sending[2m...............:[0m avg=[36m82.68µs[0m min=[36m4.68µs[0m  med=[36m22.44µs[0m  max=[36m12.04ms[0m  p(90)=[36m32.3µs[0m   p(95)=[36m40.26µs[0m 
     http_req_tls_handshaking[2m.......:[0m avg=[36m10.36ms[0m min=[36m0s[0m      med=[36m0s[0m       max=[36m49.79ms[0m  p(90)=[36m44.4ms[0m   p(95)=[36m47.46ms[0m 
     http_req_waiting[2m...............:[0m avg=[36m1.27s[0m   min=[36m44.76ms[0m med=[36m953.91ms[0m max=[36m3.67s[0m    p(90)=[36m3.14s[0m    p(95)=[36m3.41s[0m   
     http_reqs[2m......................:[0m [36m200[0m     [36;2m21.510362/s[0m
     iteration_duration[2m.............:[0m avg=[36m8.52s[0m   min=[36m7.93s[0m   med=[36m8.56s[0m    max=[36m9.29s[0m    p(90)=[36m9.14s[0m    p(95)=[36m9.22s[0m   
     iterations[2m.....................:[0m [36m50[0m      [36;2m5.377591/s[0m
     vus[2m............................:[0m [36m11[0m      [36;2mmin=11[0m      [36;2mmax=50[0m
     vus_max[2m........................:[0m [36m50[0m      [36;2mmin=50[0m      [36;2mmax=50[0m
running (0m09.3s), 00/50 VUs, 50 complete and 0 interrupted iterations
payroll_check ✓ [ 100% ] 50 VUs  0m09.3s/5m0s  50/50 iters, 1 per VU

==================================================
Test Summary
==================================================
Exit Code:    0
Duration:     10 seconds
End Time:     Wed Dec 31 09:51:28 UTC 2025
Status:       SUCCESS
==================================================
